[2025-05-13 15:26:25]  닉네임 : ff1c 비밀번호 : pM830u2O% 제목 :  내용 : 
[2025-05-13 15:26:25]  닉네임 통과 : 닉네임이 4자리이상 8자리 이하입니다. 
[2025-05-13 15:26:25]  비밀번호 자릿수 통과 : 비밀번호가 8자리 이상 12자리 이하입니다.
[2025-05-13 15:26:25]  대문자 포함 통과 : 대문자가 존재합니다.
[2025-05-13 15:26:25]  소문자 포함 통과 : 소문자가 존재합니다.
[2025-05-13 15:26:25]  숫자 포함 통과 : 숫자가 존재합니다.
[2025-05-13 15:26:25]  특수문자 포함 통과 : 특수문자가 존재합니다.
[2025-05-13 15:26:25]  비밀번호 모든 검증 통과
[2025-05-13 15:26:26]  닉네임 : wo47 비밀번호 : i1)L$fBQb# 제목 :  내용 : 
[2025-05-13 15:26:26]  닉네임 통과 : 닉네임이 4자리이상 8자리 이하입니다. 
[2025-05-13 15:26:26]  비밀번호 자릿수 통과 : 비밀번호가 8자리 이상 12자리 이하입니다.
[2025-05-13 15:26:26]  대문자 포함 통과 : 대문자가 존재합니다.
[2025-05-13 15:26:26]  소문자 포함 통과 : 소문자가 존재합니다.
[2025-05-13 15:26:26]  숫자 포함 통과 : 숫자가 존재합니다.
[2025-05-13 15:26:26]  특수문자 포함 통과 : 특수문자가 존재합니다.
[2025-05-13 15:26:26]  비밀번호 모든 검증 통과
[2025-05-13 15:26:28]  닉네임 : eozn584 비밀번호 : *7nEw@UAb 제목 :  내용 : 
[2025-05-13 15:26:28]  닉네임 통과 : 닉네임이 4자리이상 8자리 이하입니다. 
[2025-05-13 15:26:28]  비밀번호 자릿수 통과 : 비밀번호가 8자리 이상 12자리 이하입니다.
[2025-05-13 15:26:28]  대문자 포함 통과 : 대문자가 존재합니다.
[2025-05-13 15:26:28]  소문자 포함 통과 : 소문자가 존재합니다.
[2025-05-13 15:26:28]  숫자 포함 통과 : 숫자가 존재합니다.
[2025-05-13 15:26:28]  특수문자 포함 통과 : 특수문자가 존재합니다.
[2025-05-13 15:26:28]  비밀번호 모든 검증 통과
[2025-05-13 15:26:29]  닉네임 : go8r1s7u 비밀번호 : 9)dE38m% 제목 :  내용 : 
[2025-05-13 15:26:29]  닉네임 통과 : 닉네임이 4자리이상 8자리 이하입니다. 
[2025-05-13 15:26:29]  비밀번호 자릿수 통과 : 비밀번호가 8자리 이상 12자리 이하입니다.
[2025-05-13 15:26:29]  대문자 포함 통과 : 대문자가 존재합니다.
[2025-05-13 15:26:29]  소문자 포함 통과 : 소문자가 존재합니다.
[2025-05-13 15:26:29]  숫자 포함 통과 : 숫자가 존재합니다.
[2025-05-13 15:26:29]  특수문자 포함 통과 : 특수문자가 존재합니다.
[2025-05-13 15:26:29]  비밀번호 모든 검증 통과
[2025-05-13 15:26:30]  닉네임 : omuwrr 비밀번호 : 4@9uwp7!yY 제목 :  내용 : 
[2025-05-13 15:26:30]  닉네임 통과 : 닉네임이 4자리이상 8자리 이하입니다. 
[2025-05-13 15:26:30]  비밀번호 자릿수 통과 : 비밀번호가 8자리 이상 12자리 이하입니다.
[2025-05-13 15:26:30]  대문자 포함 통과 : 대문자가 존재합니다.
[2025-05-13 15:26:30]  소문자 포함 통과 : 소문자가 존재합니다.
[2025-05-13 15:26:30]  숫자 포함 통과 : 숫자가 존재합니다.
[2025-05-13 15:26:30]  특수문자 포함 통과 : 특수문자가 존재합니다.
[2025-05-13 15:26:30]  비밀번호 모든 검증 통과
[2025-05-13 15:26:31]  닉네임 : f2 비밀번호 : !E^W=&myo7wZ 제목 :  내용 : 
[2025-05-13 15:26:31]  닉네임 오류: 닉네임이 4자리이상 8자리이하가 아닙니다.
[2025-05-13 15:26:31]  비밀번호 자릿수 통과 : 비밀번호가 8자리 이상 12자리 이하입니다.
[2025-05-13 15:26:31]  대문자 포함 통과 : 대문자가 존재합니다.
[2025-05-13 15:26:31]  소문자 포함 통과 : 소문자가 존재합니다.
[2025-05-13 15:26:31]  숫자 포함 통과 : 숫자가 존재합니다.
[2025-05-13 15:26:31]  특수문자 포함 통과 : 특수문자가 존재합니다.
[2025-05-13 15:26:31]  비밀번호 모든 검증 통과
[2025-05-13 15:26:32]  닉네임 : ek 비밀번호 : Q8fns^!1Ox 제목 :  내용 : 
[2025-05-13 15:26:32]  닉네임 오류: 닉네임이 4자리이상 8자리이하가 아닙니다.
[2025-05-13 15:26:32]  비밀번호 자릿수 통과 : 비밀번호가 8자리 이상 12자리 이하입니다.
[2025-05-13 15:26:32]  대문자 포함 통과 : 대문자가 존재합니다.
[2025-05-13 15:26:32]  소문자 포함 통과 : 소문자가 존재합니다.
[2025-05-13 15:26:32]  숫자 포함 통과 : 숫자가 존재합니다.
[2025-05-13 15:26:32]  특수문자 포함 통과 : 특수문자가 존재합니다.
[2025-05-13 15:26:32]  비밀번호 모든 검증 통과
[2025-05-13 15:26:33]  닉네임 : a 비밀번호 : trc94QL^wr 제목 :  내용 : 
[2025-05-13 15:26:33]  닉네임 오류: 닉네임이 4자리이상 8자리이하가 아닙니다.
[2025-05-13 15:26:33]  비밀번호 자릿수 통과 : 비밀번호가 8자리 이상 12자리 이하입니다.
[2025-05-13 15:26:33]  대문자 포함 통과 : 대문자가 존재합니다.
[2025-05-13 15:26:33]  소문자 포함 통과 : 소문자가 존재합니다.
[2025-05-13 15:26:33]  숫자 포함 통과 : 숫자가 존재합니다.
[2025-05-13 15:26:33]  특수문자 포함 통과 : 특수문자가 존재합니다.
[2025-05-13 15:26:33]  비밀번호 모든 검증 통과
[2025-05-13 15:26:34]  닉네임 : ne 비밀번호 : c-b7k=_l2YY 제목 :  내용 : 
[2025-05-13 15:26:34]  닉네임 오류: 닉네임이 4자리이상 8자리이하가 아닙니다.
[2025-05-13 15:26:34]  비밀번호 자릿수 통과 : 비밀번호가 8자리 이상 12자리 이하입니다.
[2025-05-13 15:26:34]  대문자 포함 통과 : 대문자가 존재합니다.
[2025-05-13 15:26:34]  소문자 포함 통과 : 소문자가 존재합니다.
[2025-05-13 15:26:34]  숫자 포함 통과 : 숫자가 존재합니다.
[2025-05-13 15:26:34]  특수문자 포함 통과 : 특수문자가 존재합니다.
[2025-05-13 15:26:34]  비밀번호 모든 검증 통과
[2025-05-13 15:26:35]  닉네임 : kmx 비밀번호 : 2fsnL(0TQj 제목 :  내용 : 
[2025-05-13 15:26:35]  닉네임 오류: 닉네임이 4자리이상 8자리이하가 아닙니다.
[2025-05-13 15:26:35]  비밀번호 자릿수 통과 : 비밀번호가 8자리 이상 12자리 이하입니다.
[2025-05-13 15:26:35]  대문자 포함 통과 : 대문자가 존재합니다.
[2025-05-13 15:26:35]  소문자 포함 통과 : 소문자가 존재합니다.
[2025-05-13 15:26:35]  숫자 포함 통과 : 숫자가 존재합니다.
[2025-05-13 15:26:35]  특수문자 포함 통과 : 특수문자가 존재합니다.
[2025-05-13 15:26:35]  비밀번호 모든 검증 통과
[2025-05-13 15:26:36]  닉네임 : 7cjj7x8hh4 비밀번호 : PJh&_o6C 제목 :  내용 : 
[2025-05-13 15:26:36]  닉네임 오류: 닉네임이 4자리이상 8자리이하가 아닙니다.
[2025-05-13 15:26:36]  비밀번호 자릿수 통과 : 비밀번호가 8자리 이상 12자리 이하입니다.
[2025-05-13 15:26:36]  대문자 포함 통과 : 대문자가 존재합니다.
[2025-05-13 15:26:36]  소문자 포함 통과 : 소문자가 존재합니다.
[2025-05-13 15:26:36]  숫자 포함 통과 : 숫자가 존재합니다.
[2025-05-13 15:26:36]  특수문자 포함 통과 : 특수문자가 존재합니다.
[2025-05-13 15:26:36]  비밀번호 모든 검증 통과
[2025-05-13 15:26:37]  닉네임 : zcbm4xi4xevaq7 비밀번호 : beE)2*i0o 제목 :  내용 : 
[2025-05-13 15:26:37]  닉네임 오류: 닉네임이 4자리이상 8자리이하가 아닙니다.
[2025-05-13 15:26:37]  비밀번호 자릿수 통과 : 비밀번호가 8자리 이상 12자리 이하입니다.
[2025-05-13 15:26:37]  대문자 포함 통과 : 대문자가 존재합니다.
[2025-05-13 15:26:37]  소문자 포함 통과 : 소문자가 존재합니다.
[2025-05-13 15:26:37]  숫자 포함 통과 : 숫자가 존재합니다.
[2025-05-13 15:26:37]  특수문자 포함 통과 : 특수문자가 존재합니다.
[2025-05-13 15:26:37]  비밀번호 모든 검증 통과
[2025-05-13 15:26:38]  닉네임 : qkefuj0qvyd5 비밀번호 : 3hf%CsW7cz! 제목 :  내용 : 
[2025-05-13 15:26:38]  닉네임 오류: 닉네임이 4자리이상 8자리이하가 아닙니다.
[2025-05-13 15:26:38]  비밀번호 자릿수 통과 : 비밀번호가 8자리 이상 12자리 이하입니다.
[2025-05-13 15:26:38]  대문자 포함 통과 : 대문자가 존재합니다.
[2025-05-13 15:26:38]  소문자 포함 통과 : 소문자가 존재합니다.
[2025-05-13 15:26:38]  숫자 포함 통과 : 숫자가 존재합니다.
[2025-05-13 15:26:38]  특수문자 포함 통과 : 특수문자가 존재합니다.
[2025-05-13 15:26:38]  비밀번호 모든 검증 통과
[2025-05-13 15:26:39]  닉네임 : kvgy9hdyqins 비밀번호 : *j6J+y(!! 제목 :  내용 : 
[2025-05-13 15:26:39]  닉네임 오류: 닉네임이 4자리이상 8자리이하가 아닙니다.
[2025-05-13 15:26:39]  비밀번호 자릿수 통과 : 비밀번호가 8자리 이상 12자리 이하입니다.
[2025-05-13 15:26:39]  대문자 포함 통과 : 대문자가 존재합니다.
[2025-05-13 15:26:39]  소문자 포함 통과 : 소문자가 존재합니다.
[2025-05-13 15:26:39]  숫자 포함 통과 : 숫자가 존재합니다.
[2025-05-13 15:26:39]  특수문자 포함 통과 : 특수문자가 존재합니다.
[2025-05-13 15:26:39]  비밀번호 모든 검증 통과
[2025-05-13 15:26:40]  닉네임 : n1a11wrnxxcuws 비밀번호 : 7=Gn&4uV 제목 :  내용 : 
[2025-05-13 15:26:40]  닉네임 오류: 닉네임이 4자리이상 8자리이하가 아닙니다.
[2025-05-13 15:26:40]  비밀번호 자릿수 통과 : 비밀번호가 8자리 이상 12자리 이하입니다.
[2025-05-13 15:26:40]  대문자 포함 통과 : 대문자가 존재합니다.
[2025-05-13 15:26:40]  소문자 포함 통과 : 소문자가 존재합니다.
[2025-05-13 15:26:40]  숫자 포함 통과 : 숫자가 존재합니다.
[2025-05-13 15:26:40]  특수문자 포함 통과 : 특수문자가 존재합니다.
[2025-05-13 15:26:40]  비밀번호 모든 검증 통과
[2025-05-13 15:26:41]  닉네임 : 44hz67i8 비밀번호 : (i 제목 :  내용 : 
[2025-05-13 15:26:41]  닉네임 통과 : 닉네임이 4자리이상 8자리 이하입니다. 
[2025-05-13 15:26:41]  비밀번호 자릿수 오류 : 비밀번호가 8자리 이상 12자리 이하가 아닙니다.
[2025-05-13 15:26:41]  대문자 포함 오류 : 대문자가 존재하지 않습니다.
[2025-05-13 15:26:41]  소문자 포함 통과 : 소문자가 존재합니다.
[2025-05-13 15:26:41]  숫자 포함 오류 : 숫자가 존재하지 않습니다.
[2025-05-13 15:26:41]  특수문자 포함 통과 : 특수문자가 존재합니다.
[2025-05-13 15:26:41]  비밀번호 검증 오류
[2025-05-13 15:26:42]  닉네임 : msh3q7 비밀번호 : &h* 제목 :  내용 : 
[2025-05-13 15:26:42]  닉네임 통과 : 닉네임이 4자리이상 8자리 이하입니다. 
[2025-05-13 15:26:42]  비밀번호 자릿수 오류 : 비밀번호가 8자리 이상 12자리 이하가 아닙니다.
[2025-05-13 15:26:42]  대문자 포함 오류 : 대문자가 존재하지 않습니다.
[2025-05-13 15:26:42]  소문자 포함 통과 : 소문자가 존재합니다.
[2025-05-13 15:26:42]  숫자 포함 오류 : 숫자가 존재하지 않습니다.
[2025-05-13 15:26:42]  특수문자 포함 통과 : 특수문자가 존재합니다.
[2025-05-13 15:26:42]  비밀번호 검증 오류
[2025-05-13 15:26:43]  닉네임 : gnxxx54a 비밀번호 : Z68PEh 제목 :  내용 : 
[2025-05-13 15:26:43]  닉네임 통과 : 닉네임이 4자리이상 8자리 이하입니다. 
[2025-05-13 15:26:43]  비밀번호 자릿수 오류 : 비밀번호가 8자리 이상 12자리 이하가 아닙니다.
[2025-05-13 15:26:43]  대문자 포함 통과 : 대문자가 존재합니다.
[2025-05-13 15:26:43]  소문자 포함 통과 : 소문자가 존재합니다.
[2025-05-13 15:26:43]  숫자 포함 통과 : 숫자가 존재합니다.
[2025-05-13 15:26:43]  특수문자 포함 오류 : 특수문자가 존재하지 않습니다.
[2025-05-13 15:26:43]  비밀번호 검증 오류
[2025-05-13 15:26:44]  닉네임 : oectk 비밀번호 : FY3L 제목 :  내용 : 
[2025-05-13 15:26:44]  닉네임 통과 : 닉네임이 4자리이상 8자리 이하입니다. 
[2025-05-13 15:26:44]  비밀번호 자릿수 오류 : 비밀번호가 8자리 이상 12자리 이하가 아닙니다.
[2025-05-13 15:26:44]  대문자 포함 통과 : 대문자가 존재합니다.
[2025-05-13 15:26:44]  소문자 포함 오류 : 소문자가 존재하지 않습니다.
[2025-05-13 15:26:44]  숫자 포함 통과 : 숫자가 존재합니다.
[2025-05-13 15:26:44]  특수문자 포함 오류 : 특수문자가 존재하지 않습니다.
[2025-05-13 15:26:44]  비밀번호 검증 오류
[2025-05-13 15:26:45]  닉네임 : vy2sy 비밀번호 : Lr5E 제목 :  내용 : 
[2025-05-13 15:26:45]  닉네임 통과 : 닉네임이 4자리이상 8자리 이하입니다. 
[2025-05-13 15:26:45]  비밀번호 자릿수 오류 : 비밀번호가 8자리 이상 12자리 이하가 아닙니다.
[2025-05-13 15:26:45]  대문자 포함 통과 : 대문자가 존재합니다.
[2025-05-13 15:26:45]  소문자 포함 통과 : 소문자가 존재합니다.
[2025-05-13 15:26:45]  숫자 포함 통과 : 숫자가 존재합니다.
[2025-05-13 15:26:45]  특수문자 포함 오류 : 특수문자가 존재하지 않습니다.
[2025-05-13 15:26:45]  비밀번호 검증 오류
[2025-05-13 15:26:46]  닉네임 : ggx6 비밀번호 : 5tvl$2Hiz+)nNN^Qs 제목 :  내용 : 
[2025-05-13 15:26:46]  닉네임 통과 : 닉네임이 4자리이상 8자리 이하입니다. 
[2025-05-13 15:26:46]  비밀번호 자릿수 오류 : 비밀번호가 8자리 이상 12자리 이하가 아닙니다.
[2025-05-13 15:26:46]  대문자 포함 통과 : 대문자가 존재합니다.
[2025-05-13 15:26:46]  소문자 포함 통과 : 소문자가 존재합니다.
[2025-05-13 15:26:46]  숫자 포함 통과 : 숫자가 존재합니다.
[2025-05-13 15:26:46]  특수문자 포함 통과 : 특수문자가 존재합니다.
[2025-05-13 15:26:46]  비밀번호 검증 오류
[2025-05-13 15:26:47]  닉네임 : 5a539 비밀번호 : sb!D1CKug#Pf4&jbMO 제목 :  내용 : 
[2025-05-13 15:26:47]  닉네임 통과 : 닉네임이 4자리이상 8자리 이하입니다. 
[2025-05-13 15:26:47]  비밀번호 자릿수 오류 : 비밀번호가 8자리 이상 12자리 이하가 아닙니다.
[2025-05-13 15:26:47]  대문자 포함 통과 : 대문자가 존재합니다.
[2025-05-13 15:26:47]  소문자 포함 통과 : 소문자가 존재합니다.
[2025-05-13 15:26:47]  숫자 포함 통과 : 숫자가 존재합니다.
[2025-05-13 15:26:47]  특수문자 포함 통과 : 특수문자가 존재합니다.
[2025-05-13 15:26:47]  비밀번호 검증 오류
[2025-05-13 15:26:48]  닉네임 : 30gxyj4 비밀번호 : BH_#diM$JU-H@8w 제목 :  내용 : 
[2025-05-13 15:26:48]  닉네임 통과 : 닉네임이 4자리이상 8자리 이하입니다. 
[2025-05-13 15:26:48]  비밀번호 자릿수 오류 : 비밀번호가 8자리 이상 12자리 이하가 아닙니다.
[2025-05-13 15:26:48]  대문자 포함 통과 : 대문자가 존재합니다.
[2025-05-13 15:26:48]  소문자 포함 통과 : 소문자가 존재합니다.
[2025-05-13 15:26:48]  숫자 포함 통과 : 숫자가 존재합니다.
[2025-05-13 15:26:48]  특수문자 포함 통과 : 특수문자가 존재합니다.
[2025-05-13 15:26:48]  비밀번호 검증 오류
[2025-05-13 15:26:49]  닉네임 : 599g 비밀번호 : e_cyz3!0YrkTD-htA%v 제목 :  내용 : 
[2025-05-13 15:26:49]  닉네임 통과 : 닉네임이 4자리이상 8자리 이하입니다. 
[2025-05-13 15:26:49]  비밀번호 자릿수 오류 : 비밀번호가 8자리 이상 12자리 이하가 아닙니다.
[2025-05-13 15:26:49]  대문자 포함 통과 : 대문자가 존재합니다.
[2025-05-13 15:26:49]  소문자 포함 통과 : 소문자가 존재합니다.
[2025-05-13 15:26:49]  숫자 포함 통과 : 숫자가 존재합니다.
[2025-05-13 15:26:49]  특수문자 포함 통과 : 특수문자가 존재합니다.
[2025-05-13 15:26:49]  비밀번호 검증 오류
[2025-05-13 15:26:50]  닉네임 : 6q2j5w 비밀번호 : OV*UI+uV2xkAQG 제목 :  내용 : 
[2025-05-13 15:26:50]  닉네임 통과 : 닉네임이 4자리이상 8자리 이하입니다. 
[2025-05-13 15:26:50]  비밀번호 자릿수 오류 : 비밀번호가 8자리 이상 12자리 이하가 아닙니다.
[2025-05-13 15:26:50]  대문자 포함 통과 : 대문자가 존재합니다.
[2025-05-13 15:26:50]  소문자 포함 통과 : 소문자가 존재합니다.
[2025-05-13 15:26:50]  숫자 포함 통과 : 숫자가 존재합니다.
[2025-05-13 15:26:50]  특수문자 포함 통과 : 특수문자가 존재합니다.
[2025-05-13 15:26:50]  비밀번호 검증 오류
[2025-05-13 15:26:51]  닉네임 : mzz4zm 비밀번호 : &$5$yqe20d13 제목 :  내용 : 
[2025-05-13 15:26:51]  닉네임 통과 : 닉네임이 4자리이상 8자리 이하입니다. 
[2025-05-13 15:26:51]  비밀번호 자릿수 통과 : 비밀번호가 8자리 이상 12자리 이하입니다.
[2025-05-13 15:26:51]  대문자 포함 오류 : 대문자가 존재하지 않습니다.
[2025-05-13 15:26:51]  소문자 포함 통과 : 소문자가 존재합니다.
[2025-05-13 15:26:51]  숫자 포함 통과 : 숫자가 존재합니다.
[2025-05-13 15:26:51]  특수문자 포함 통과 : 특수문자가 존재합니다.
[2025-05-13 15:26:51]  비밀번호 검증 오류
[2025-05-13 15:26:52]  닉네임 : 6yovzl8 비밀번호 : 3g#h(rb_9 제목 :  내용 : 
[2025-05-13 15:26:52]  닉네임 통과 : 닉네임이 4자리이상 8자리 이하입니다. 
[2025-05-13 15:26:52]  비밀번호 자릿수 통과 : 비밀번호가 8자리 이상 12자리 이하입니다.
[2025-05-13 15:26:52]  대문자 포함 오류 : 대문자가 존재하지 않습니다.
[2025-05-13 15:26:52]  소문자 포함 통과 : 소문자가 존재합니다.
[2025-05-13 15:26:52]  숫자 포함 통과 : 숫자가 존재합니다.
[2025-05-13 15:26:52]  특수문자 포함 통과 : 특수문자가 존재합니다.
[2025-05-13 15:26:52]  비밀번호 검증 오류
[2025-05-13 15:26:53]  닉네임 : vs7dy 비밀번호 : =igp0$o4l$ec 제목 :  내용 : 
[2025-05-13 15:26:53]  닉네임 통과 : 닉네임이 4자리이상 8자리 이하입니다. 
[2025-05-13 15:26:53]  비밀번호 자릿수 통과 : 비밀번호가 8자리 이상 12자리 이하입니다.
[2025-05-13 15:26:53]  대문자 포함 오류 : 대문자가 존재하지 않습니다.
[2025-05-13 15:26:53]  소문자 포함 통과 : 소문자가 존재합니다.
[2025-05-13 15:26:53]  숫자 포함 통과 : 숫자가 존재합니다.
[2025-05-13 15:26:53]  특수문자 포함 통과 : 특수문자가 존재합니다.
[2025-05-13 15:26:53]  비밀번호 검증 오류
[2025-05-13 15:26:54]  닉네임 : qwgp 비밀번호 : 1+e$(9c^$o@( 제목 :  내용 : 
[2025-05-13 15:26:54]  닉네임 통과 : 닉네임이 4자리이상 8자리 이하입니다. 
[2025-05-13 15:26:54]  비밀번호 자릿수 통과 : 비밀번호가 8자리 이상 12자리 이하입니다.
[2025-05-13 15:26:54]  대문자 포함 오류 : 대문자가 존재하지 않습니다.
[2025-05-13 15:26:54]  소문자 포함 통과 : 소문자가 존재합니다.
[2025-05-13 15:26:54]  숫자 포함 통과 : 숫자가 존재합니다.
[2025-05-13 15:26:54]  특수문자 포함 통과 : 특수문자가 존재합니다.
[2025-05-13 15:26:54]  비밀번호 검증 오류
[2025-05-13 15:26:55]  닉네임 : 2a7th 비밀번호 : o=3-^9ig(x+g 제목 :  내용 : 
[2025-05-13 15:26:55]  닉네임 통과 : 닉네임이 4자리이상 8자리 이하입니다. 
[2025-05-13 15:26:55]  비밀번호 자릿수 통과 : 비밀번호가 8자리 이상 12자리 이하입니다.
[2025-05-13 15:26:55]  대문자 포함 오류 : 대문자가 존재하지 않습니다.
[2025-05-13 15:26:55]  소문자 포함 통과 : 소문자가 존재합니다.
[2025-05-13 15:26:55]  숫자 포함 통과 : 숫자가 존재합니다.
[2025-05-13 15:26:55]  특수문자 포함 통과 : 특수문자가 존재합니다.
[2025-05-13 15:26:55]  비밀번호 검증 오류
[2025-05-13 15:26:56]  닉네임 : 6k22l 비밀번호 : SS)--W8B=6 제목 :  내용 : 
[2025-05-13 15:26:56]  닉네임 통과 : 닉네임이 4자리이상 8자리 이하입니다. 
[2025-05-13 15:26:56]  비밀번호 자릿수 통과 : 비밀번호가 8자리 이상 12자리 이하입니다.
[2025-05-13 15:26:56]  대문자 포함 통과 : 대문자가 존재합니다.
[2025-05-13 15:26:56]  소문자 포함 오류 : 소문자가 존재하지 않습니다.
[2025-05-13 15:26:56]  숫자 포함 통과 : 숫자가 존재합니다.
[2025-05-13 15:26:56]  특수문자 포함 통과 : 특수문자가 존재합니다.
[2025-05-13 15:26:56]  비밀번호 검증 오류
[2025-05-13 15:26:57]  닉네임 : j8d1oqep 비밀번호 : Z#3UX!)Z 제목 :  내용 : 
[2025-05-13 15:26:57]  닉네임 통과 : 닉네임이 4자리이상 8자리 이하입니다. 
[2025-05-13 15:26:57]  비밀번호 자릿수 통과 : 비밀번호가 8자리 이상 12자리 이하입니다.
[2025-05-13 15:26:57]  대문자 포함 통과 : 대문자가 존재합니다.
[2025-05-13 15:26:57]  소문자 포함 오류 : 소문자가 존재하지 않습니다.
[2025-05-13 15:26:57]  숫자 포함 통과 : 숫자가 존재합니다.
[2025-05-13 15:26:57]  특수문자 포함 통과 : 특수문자가 존재합니다.
[2025-05-13 15:26:57]  비밀번호 검증 오류
[2025-05-13 15:26:58]  닉네임 : x37r1 비밀번호 : 0-0@0(S-04N 제목 :  내용 : 
[2025-05-13 15:26:58]  닉네임 통과 : 닉네임이 4자리이상 8자리 이하입니다. 
[2025-05-13 15:26:58]  비밀번호 자릿수 통과 : 비밀번호가 8자리 이상 12자리 이하입니다.
[2025-05-13 15:26:58]  대문자 포함 통과 : 대문자가 존재합니다.
[2025-05-13 15:26:58]  소문자 포함 오류 : 소문자가 존재하지 않습니다.
[2025-05-13 15:26:58]  숫자 포함 통과 : 숫자가 존재합니다.
[2025-05-13 15:26:58]  특수문자 포함 통과 : 특수문자가 존재합니다.
[2025-05-13 15:26:58]  비밀번호 검증 오류
[2025-05-13 15:26:59]  닉네임 : ty19 비밀번호 : 8(U+JA_H2 제목 :  내용 : 
[2025-05-13 15:26:59]  닉네임 통과 : 닉네임이 4자리이상 8자리 이하입니다. 
[2025-05-13 15:26:59]  비밀번호 자릿수 통과 : 비밀번호가 8자리 이상 12자리 이하입니다.
[2025-05-13 15:26:59]  대문자 포함 통과 : 대문자가 존재합니다.
[2025-05-13 15:26:59]  소문자 포함 오류 : 소문자가 존재하지 않습니다.
[2025-05-13 15:26:59]  숫자 포함 통과 : 숫자가 존재합니다.
[2025-05-13 15:26:59]  특수문자 포함 통과 : 특수문자가 존재합니다.
[2025-05-13 15:26:59]  비밀번호 검증 오류
[2025-05-13 15:27:00]  닉네임 : c0ogvm 비밀번호 : 3I9B%F-2XX 제목 :  내용 : 
[2025-05-13 15:27:00]  닉네임 통과 : 닉네임이 4자리이상 8자리 이하입니다. 
[2025-05-13 15:27:00]  비밀번호 자릿수 통과 : 비밀번호가 8자리 이상 12자리 이하입니다.
[2025-05-13 15:27:00]  대문자 포함 통과 : 대문자가 존재합니다.
[2025-05-13 15:27:00]  소문자 포함 오류 : 소문자가 존재하지 않습니다.
[2025-05-13 15:27:00]  숫자 포함 통과 : 숫자가 존재합니다.
[2025-05-13 15:27:00]  특수문자 포함 통과 : 특수문자가 존재합니다.
[2025-05-13 15:27:00]  비밀번호 검증 오류
[2025-05-13 15:27:01]  닉네임 : 2hmabofg 비밀번호 : hdvy!ju@RX 제목 :  내용 : 
[2025-05-13 15:27:01]  닉네임 통과 : 닉네임이 4자리이상 8자리 이하입니다. 
[2025-05-13 15:27:01]  비밀번호 자릿수 통과 : 비밀번호가 8자리 이상 12자리 이하입니다.
[2025-05-13 15:27:01]  대문자 포함 통과 : 대문자가 존재합니다.
[2025-05-13 15:27:01]  소문자 포함 통과 : 소문자가 존재합니다.
[2025-05-13 15:27:01]  숫자 포함 오류 : 숫자가 존재하지 않습니다.
[2025-05-13 15:27:01]  특수문자 포함 통과 : 특수문자가 존재합니다.
[2025-05-13 15:27:01]  비밀번호 검증 오류
[2025-05-13 15:27:02]  닉네임 : oip0m86 비밀번호 : CRuOZU^OQr 제목 :  내용 : 
[2025-05-13 15:27:02]  닉네임 통과 : 닉네임이 4자리이상 8자리 이하입니다. 
[2025-05-13 15:27:02]  비밀번호 자릿수 통과 : 비밀번호가 8자리 이상 12자리 이하입니다.
[2025-05-13 15:27:03]  대문자 포함 통과 : 대문자가 존재합니다.
[2025-05-13 15:27:03]  소문자 포함 통과 : 소문자가 존재합니다.
[2025-05-13 15:27:03]  숫자 포함 오류 : 숫자가 존재하지 않습니다.
[2025-05-13 15:27:03]  특수문자 포함 통과 : 특수문자가 존재합니다.
[2025-05-13 15:27:03]  비밀번호 검증 오류
[2025-05-13 15:27:04]  닉네임 : b10p5 비밀번호 : t(qIGfiJQt$D 제목 :  내용 : 
[2025-05-13 15:27:04]  닉네임 통과 : 닉네임이 4자리이상 8자리 이하입니다. 
[2025-05-13 15:27:04]  비밀번호 자릿수 통과 : 비밀번호가 8자리 이상 12자리 이하입니다.
[2025-05-13 15:27:04]  대문자 포함 통과 : 대문자가 존재합니다.
[2025-05-13 15:27:04]  소문자 포함 통과 : 소문자가 존재합니다.
[2025-05-13 15:27:04]  숫자 포함 오류 : 숫자가 존재하지 않습니다.
[2025-05-13 15:27:04]  특수문자 포함 통과 : 특수문자가 존재합니다.
[2025-05-13 15:27:04]  비밀번호 검증 오류
[2025-05-13 15:27:05]  닉네임 : fexhm 비밀번호 : WV!+BhKS#rqX 제목 :  내용 : 
[2025-05-13 15:27:05]  닉네임 통과 : 닉네임이 4자리이상 8자리 이하입니다. 
[2025-05-13 15:27:05]  비밀번호 자릿수 통과 : 비밀번호가 8자리 이상 12자리 이하입니다.
[2025-05-13 15:27:05]  대문자 포함 통과 : 대문자가 존재합니다.
[2025-05-13 15:27:05]  소문자 포함 통과 : 소문자가 존재합니다.
[2025-05-13 15:27:05]  숫자 포함 오류 : 숫자가 존재하지 않습니다.
[2025-05-13 15:27:05]  특수문자 포함 통과 : 특수문자가 존재합니다.
[2025-05-13 15:27:05]  비밀번호 검증 오류
[2025-05-13 15:27:06]  닉네임 : e4woce 비밀번호 : omW))*)Oc 제목 :  내용 : 
[2025-05-13 15:27:06]  닉네임 통과 : 닉네임이 4자리이상 8자리 이하입니다. 
[2025-05-13 15:27:06]  비밀번호 자릿수 통과 : 비밀번호가 8자리 이상 12자리 이하입니다.
[2025-05-13 15:27:06]  대문자 포함 통과 : 대문자가 존재합니다.
[2025-05-13 15:27:06]  소문자 포함 통과 : 소문자가 존재합니다.
[2025-05-13 15:27:06]  숫자 포함 오류 : 숫자가 존재하지 않습니다.
[2025-05-13 15:27:06]  특수문자 포함 통과 : 특수문자가 존재합니다.
[2025-05-13 15:27:06]  비밀번호 검증 오류
[2025-05-13 15:27:07]  닉네임 : z32ab 비밀번호 : rhXKIfmcP4 제목 :  내용 : 
[2025-05-13 15:27:07]  닉네임 통과 : 닉네임이 4자리이상 8자리 이하입니다. 
[2025-05-13 15:27:07]  비밀번호 자릿수 통과 : 비밀번호가 8자리 이상 12자리 이하입니다.
[2025-05-13 15:27:07]  대문자 포함 통과 : 대문자가 존재합니다.
[2025-05-13 15:27:07]  소문자 포함 통과 : 소문자가 존재합니다.
[2025-05-13 15:27:07]  숫자 포함 통과 : 숫자가 존재합니다.
[2025-05-13 15:27:07]  특수문자 포함 오류 : 특수문자가 존재하지 않습니다.
[2025-05-13 15:27:07]  비밀번호 검증 오류
[2025-05-13 15:27:08]  닉네임 : u53d 비밀번호 : f0R21PgrjYI 제목 :  내용 : 
[2025-05-13 15:27:08]  닉네임 통과 : 닉네임이 4자리이상 8자리 이하입니다. 
[2025-05-13 15:27:08]  비밀번호 자릿수 통과 : 비밀번호가 8자리 이상 12자리 이하입니다.
[2025-05-13 15:27:08]  대문자 포함 통과 : 대문자가 존재합니다.
[2025-05-13 15:27:08]  소문자 포함 통과 : 소문자가 존재합니다.
[2025-05-13 15:27:08]  숫자 포함 통과 : 숫자가 존재합니다.
[2025-05-13 15:27:08]  특수문자 포함 오류 : 특수문자가 존재하지 않습니다.
[2025-05-13 15:27:08]  비밀번호 검증 오류
[2025-05-13 15:27:09]  닉네임 : 08xp 비밀번호 : wbqf1P9G 제목 :  내용 : 
[2025-05-13 15:27:09]  닉네임 통과 : 닉네임이 4자리이상 8자리 이하입니다. 
[2025-05-13 15:27:09]  비밀번호 자릿수 통과 : 비밀번호가 8자리 이상 12자리 이하입니다.
[2025-05-13 15:27:09]  대문자 포함 통과 : 대문자가 존재합니다.
[2025-05-13 15:27:09]  소문자 포함 통과 : 소문자가 존재합니다.
[2025-05-13 15:27:09]  숫자 포함 통과 : 숫자가 존재합니다.
[2025-05-13 15:27:09]  특수문자 포함 오류 : 특수문자가 존재하지 않습니다.
[2025-05-13 15:27:09]  비밀번호 검증 오류
[2025-05-13 15:27:10]  닉네임 : t05sp08 비밀번호 : IMz49UvDTgm 제목 :  내용 : 
[2025-05-13 15:27:10]  닉네임 통과 : 닉네임이 4자리이상 8자리 이하입니다. 
[2025-05-13 15:27:10]  비밀번호 자릿수 통과 : 비밀번호가 8자리 이상 12자리 이하입니다.
[2025-05-13 15:27:10]  대문자 포함 통과 : 대문자가 존재합니다.
[2025-05-13 15:27:10]  소문자 포함 통과 : 소문자가 존재합니다.
[2025-05-13 15:27:10]  숫자 포함 통과 : 숫자가 존재합니다.
[2025-05-13 15:27:10]  특수문자 포함 오류 : 특수문자가 존재하지 않습니다.
[2025-05-13 15:27:10]  비밀번호 검증 오류
[2025-05-13 15:27:11]  닉네임 : xk5a 비밀번호 : LkU7fYN4 제목 :  내용 : 
[2025-05-13 15:27:11]  닉네임 통과 : 닉네임이 4자리이상 8자리 이하입니다. 
[2025-05-13 15:27:11]  비밀번호 자릿수 통과 : 비밀번호가 8자리 이상 12자리 이하입니다.
[2025-05-13 15:27:11]  대문자 포함 통과 : 대문자가 존재합니다.
[2025-05-13 15:27:11]  소문자 포함 통과 : 소문자가 존재합니다.
[2025-05-13 15:27:11]  숫자 포함 통과 : 숫자가 존재합니다.
[2025-05-13 15:27:11]  특수문자 포함 오류 : 특수문자가 존재하지 않습니다.
[2025-05-13 15:27:11]  비밀번호 검증 오류
[2025-05-13 15:27:12]  닉네임 : bts51 비밀번호 : (%+#=+^!! 제목 :  내용 : 
[2025-05-13 15:27:12]  닉네임 통과 : 닉네임이 4자리이상 8자리 이하입니다. 
[2025-05-13 15:27:12]  비밀번호 자릿수 통과 : 비밀번호가 8자리 이상 12자리 이하입니다.
[2025-05-13 15:27:12]  대문자 포함 오류 : 대문자가 존재하지 않습니다.
[2025-05-13 15:27:12]  소문자 포함 오류 : 소문자가 존재하지 않습니다.
[2025-05-13 15:27:12]  숫자 포함 오류 : 숫자가 존재하지 않습니다.
[2025-05-13 15:27:12]  특수문자 포함 통과 : 특수문자가 존재합니다.
[2025-05-13 15:27:12]  비밀번호 검증 오류
[2025-05-13 15:27:13]  닉네임 : smaxd 비밀번호 : &_*_&-)$ 제목 :  내용 : 
[2025-05-13 15:27:13]  닉네임 통과 : 닉네임이 4자리이상 8자리 이하입니다. 
[2025-05-13 15:27:13]  비밀번호 자릿수 통과 : 비밀번호가 8자리 이상 12자리 이하입니다.
[2025-05-13 15:27:13]  대문자 포함 오류 : 대문자가 존재하지 않습니다.
[2025-05-13 15:27:13]  소문자 포함 오류 : 소문자가 존재하지 않습니다.
[2025-05-13 15:27:13]  숫자 포함 오류 : 숫자가 존재하지 않습니다.
[2025-05-13 15:27:13]  특수문자 포함 통과 : 특수문자가 존재합니다.
[2025-05-13 15:27:13]  비밀번호 검증 오류
[2025-05-13 15:27:14]  닉네임 : t2ecf2k 비밀번호 : ^!$(^$=^! 제목 :  내용 : 
[2025-05-13 15:27:14]  닉네임 통과 : 닉네임이 4자리이상 8자리 이하입니다. 
[2025-05-13 15:27:14]  비밀번호 자릿수 통과 : 비밀번호가 8자리 이상 12자리 이하입니다.
[2025-05-13 15:27:14]  대문자 포함 오류 : 대문자가 존재하지 않습니다.
[2025-05-13 15:27:14]  소문자 포함 오류 : 소문자가 존재하지 않습니다.
[2025-05-13 15:27:14]  숫자 포함 오류 : 숫자가 존재하지 않습니다.
[2025-05-13 15:27:14]  특수문자 포함 통과 : 특수문자가 존재합니다.
[2025-05-13 15:27:14]  비밀번호 검증 오류
[2025-05-13 15:27:15]  닉네임 : 41n48nhl 비밀번호 : %_$@#)=*!%$ 제목 :  내용 : 
[2025-05-13 15:27:15]  닉네임 통과 : 닉네임이 4자리이상 8자리 이하입니다. 
[2025-05-13 15:27:15]  비밀번호 자릿수 통과 : 비밀번호가 8자리 이상 12자리 이하입니다.
[2025-05-13 15:27:15]  대문자 포함 오류 : 대문자가 존재하지 않습니다.
[2025-05-13 15:27:15]  소문자 포함 오류 : 소문자가 존재하지 않습니다.
[2025-05-13 15:27:15]  숫자 포함 오류 : 숫자가 존재하지 않습니다.
[2025-05-13 15:27:15]  특수문자 포함 통과 : 특수문자가 존재합니다.
[2025-05-13 15:27:15]  비밀번호 검증 오류
[2025-05-13 15:27:16]  닉네임 : qjrf 비밀번호 : -*)!(_$+==) 제목 :  내용 : 
[2025-05-13 15:27:16]  닉네임 통과 : 닉네임이 4자리이상 8자리 이하입니다. 
[2025-05-13 15:27:16]  비밀번호 자릿수 통과 : 비밀번호가 8자리 이상 12자리 이하입니다.
[2025-05-13 15:27:16]  대문자 포함 오류 : 대문자가 존재하지 않습니다.
[2025-05-13 15:27:16]  소문자 포함 오류 : 소문자가 존재하지 않습니다.
[2025-05-13 15:27:16]  숫자 포함 오류 : 숫자가 존재하지 않습니다.
[2025-05-13 15:27:16]  특수문자 포함 통과 : 특수문자가 존재합니다.
[2025-05-13 15:27:16]  비밀번호 검증 오류
[2025-05-13 16:37:01]  닉네임 : gg 비밀번호 : ggg 제목 : gg 내용 : ggg
[2025-05-13 16:37:01]  닉네임 오류: 닉네임이 4자리이상 8자리이하가 아닙니다.
[2025-05-13 16:37:01]  비밀번호 자릿수 오류 : 비밀번호가 8자리 이상 12자리 이하가 아닙니다.
[2025-05-13 16:37:01]  대문자 포함 오류 : 대문자가 존재하지 않습니다.
[2025-05-13 16:37:01]  소문자 포함 통과 : 소문자가 존재합니다.
[2025-05-13 16:37:01]  숫자 포함 오류 : 숫자가 존재하지 않습니다.
[2025-05-13 16:37:01]  특수문자 포함 오류 : 특수문자가 존재하지 않습니다.
[2025-05-13 16:37:01]  비밀번호 검증 오류
[2025-05-13 16:38:12]  닉네임 : tvhrk 비밀번호 : yD4L$k_GTJ 제목 :  내용 : 
[2025-05-13 16:38:12]  닉네임 통과 : 닉네임이 4자리이상 8자리 이하입니다. 
[2025-05-13 16:38:12]  비밀번호 자릿수 통과 : 비밀번호가 8자리 이상 12자리 이하입니다.
[2025-05-13 16:38:12]  대문자 포함 통과 : 대문자가 존재합니다.
[2025-05-13 16:38:12]  소문자 포함 통과 : 소문자가 존재합니다.
[2025-05-13 16:38:12]  숫자 포함 통과 : 숫자가 존재합니다.
[2025-05-13 16:38:12]  특수문자 포함 통과 : 특수문자가 존재합니다.
[2025-05-13 16:38:12]  비밀번호 모든 검증 통과
[2025-05-13 16:38:13]  닉네임 : nhwq9 비밀번호 : C7N&EIfMi)T 제목 :  내용 : 
[2025-05-13 16:38:13]  닉네임 통과 : 닉네임이 4자리이상 8자리 이하입니다. 
[2025-05-13 16:38:13]  비밀번호 자릿수 통과 : 비밀번호가 8자리 이상 12자리 이하입니다.
[2025-05-13 16:38:13]  대문자 포함 통과 : 대문자가 존재합니다.
[2025-05-13 16:38:13]  소문자 포함 통과 : 소문자가 존재합니다.
[2025-05-13 16:38:13]  숫자 포함 통과 : 숫자가 존재합니다.
[2025-05-13 16:38:13]  특수문자 포함 통과 : 특수문자가 존재합니다.
[2025-05-13 16:38:13]  비밀번호 모든 검증 통과
[2025-05-13 16:38:14]  닉네임 : orq5o5 비밀번호 : +3ao9WNn5Dl# 제목 :  내용 : 
[2025-05-13 16:38:14]  닉네임 통과 : 닉네임이 4자리이상 8자리 이하입니다. 
[2025-05-13 16:38:14]  비밀번호 자릿수 통과 : 비밀번호가 8자리 이상 12자리 이하입니다.
[2025-05-13 16:38:14]  대문자 포함 통과 : 대문자가 존재합니다.
[2025-05-13 16:38:14]  소문자 포함 통과 : 소문자가 존재합니다.
[2025-05-13 16:38:14]  숫자 포함 통과 : 숫자가 존재합니다.
[2025-05-13 16:38:14]  특수문자 포함 통과 : 특수문자가 존재합니다.
[2025-05-13 16:38:14]  비밀번호 모든 검증 통과
[2025-05-13 16:38:15]  닉네임 : oa6i8a3 비밀번호 : 2alHL6^uy@+ 제목 :  내용 : 
[2025-05-13 16:38:15]  닉네임 통과 : 닉네임이 4자리이상 8자리 이하입니다. 
[2025-05-13 16:38:15]  비밀번호 자릿수 통과 : 비밀번호가 8자리 이상 12자리 이하입니다.
[2025-05-13 16:38:15]  대문자 포함 통과 : 대문자가 존재합니다.
[2025-05-13 16:38:15]  소문자 포함 통과 : 소문자가 존재합니다.
[2025-05-13 16:38:15]  숫자 포함 통과 : 숫자가 존재합니다.
[2025-05-13 16:38:15]  특수문자 포함 통과 : 특수문자가 존재합니다.
[2025-05-13 16:38:15]  비밀번호 모든 검증 통과
[2025-05-13 16:38:16]  닉네임 : ㅇㅇ 비밀번호 : dd 제목 : ㅇㅇ 내용 : dd
[2025-05-13 16:38:16]  닉네임 오류: 닉네임이 4자리이상 8자리이하가 아닙니다.
[2025-05-13 16:38:16]  비밀번호 자릿수 오류 : 비밀번호가 8자리 이상 12자리 이하가 아닙니다.
[2025-05-13 16:38:16]  대문자 포함 오류 : 대문자가 존재하지 않습니다.
[2025-05-13 16:38:16]  소문자 포함 통과 : 소문자가 존재합니다.
[2025-05-13 16:38:16]  숫자 포함 오류 : 숫자가 존재하지 않습니다.
[2025-05-13 16:38:16]  특수문자 포함 오류 : 특수문자가 존재하지 않습니다.
[2025-05-13 16:38:16]  비밀번호 검증 오류
[2025-05-13 16:38:16]  닉네임 : y3o0 비밀번호 : sc90AtU!xm 제목 :  내용 : 
[2025-05-13 16:38:16]  닉네임 통과 : 닉네임이 4자리이상 8자리 이하입니다. 
[2025-05-13 16:38:16]  비밀번호 자릿수 통과 : 비밀번호가 8자리 이상 12자리 이하입니다.
[2025-05-13 16:38:16]  대문자 포함 통과 : 대문자가 존재합니다.
[2025-05-13 16:38:16]  소문자 포함 통과 : 소문자가 존재합니다.
[2025-05-13 16:38:16]  숫자 포함 통과 : 숫자가 존재합니다.
[2025-05-13 16:38:16]  특수문자 포함 통과 : 특수문자가 존재합니다.
[2025-05-13 16:38:16]  비밀번호 모든 검증 통과
[2025-05-13 16:38:17]  닉네임 : yq 비밀번호 : Zc0&q(5LhRR* 제목 :  내용 : 
[2025-05-13 16:38:17]  닉네임 오류: 닉네임이 4자리이상 8자리이하가 아닙니다.
[2025-05-13 16:38:17]  비밀번호 자릿수 통과 : 비밀번호가 8자리 이상 12자리 이하입니다.
[2025-05-13 16:38:17]  대문자 포함 통과 : 대문자가 존재합니다.
[2025-05-13 16:38:17]  소문자 포함 통과 : 소문자가 존재합니다.
[2025-05-13 16:38:17]  숫자 포함 통과 : 숫자가 존재합니다.
[2025-05-13 16:38:17]  특수문자 포함 통과 : 특수문자가 존재합니다.
[2025-05-13 16:38:17]  비밀번호 모든 검증 통과
[2025-05-13 16:38:18]  닉네임 : k5 비밀번호 : xG@234rIW 제목 :  내용 : 
[2025-05-13 16:38:18]  닉네임 오류: 닉네임이 4자리이상 8자리이하가 아닙니다.
[2025-05-13 16:38:18]  비밀번호 자릿수 통과 : 비밀번호가 8자리 이상 12자리 이하입니다.
[2025-05-13 16:38:18]  대문자 포함 통과 : 대문자가 존재합니다.
[2025-05-13 16:38:18]  소문자 포함 통과 : 소문자가 존재합니다.
[2025-05-13 16:38:18]  숫자 포함 통과 : 숫자가 존재합니다.
[2025-05-13 16:38:18]  특수문자 포함 통과 : 특수문자가 존재합니다.
[2025-05-13 16:38:18]  비밀번호 모든 검증 통과
[2025-05-13 16:38:19]  닉네임 : u5 비밀번호 : V8G(=B(eG%bh 제목 :  내용 : 
[2025-05-13 16:38:19]  닉네임 오류: 닉네임이 4자리이상 8자리이하가 아닙니다.
[2025-05-13 16:38:19]  비밀번호 자릿수 통과 : 비밀번호가 8자리 이상 12자리 이하입니다.
[2025-05-13 16:38:19]  대문자 포함 통과 : 대문자가 존재합니다.
[2025-05-13 16:38:19]  소문자 포함 통과 : 소문자가 존재합니다.
[2025-05-13 16:38:19]  숫자 포함 통과 : 숫자가 존재합니다.
[2025-05-13 16:38:19]  특수문자 포함 통과 : 특수문자가 존재합니다.
[2025-05-13 16:38:19]  비밀번호 모든 검증 통과
[2025-05-13 16:38:20]  닉네임 : 6 비밀번호 : 5Db(yR1$e 제목 :  내용 : 
[2025-05-13 16:38:20]  닉네임 오류: 닉네임이 4자리이상 8자리이하가 아닙니다.
[2025-05-13 16:38:20]  비밀번호 자릿수 통과 : 비밀번호가 8자리 이상 12자리 이하입니다.
[2025-05-13 16:38:20]  대문자 포함 통과 : 대문자가 존재합니다.
[2025-05-13 16:38:20]  소문자 포함 통과 : 소문자가 존재합니다.
[2025-05-13 16:38:20]  숫자 포함 통과 : 숫자가 존재합니다.
[2025-05-13 16:38:20]  특수문자 포함 통과 : 특수문자가 존재합니다.
[2025-05-13 16:38:20]  비밀번호 모든 검증 통과
[2025-05-13 16:38:21]  닉네임 : i 비밀번호 : j8LbF_8l1V)6 제목 :  내용 : 
[2025-05-13 16:38:21]  닉네임 오류: 닉네임이 4자리이상 8자리이하가 아닙니다.
[2025-05-13 16:38:21]  비밀번호 자릿수 통과 : 비밀번호가 8자리 이상 12자리 이하입니다.
[2025-05-13 16:38:21]  대문자 포함 통과 : 대문자가 존재합니다.
[2025-05-13 16:38:21]  소문자 포함 통과 : 소문자가 존재합니다.
[2025-05-13 16:38:21]  숫자 포함 통과 : 숫자가 존재합니다.
[2025-05-13 16:38:21]  특수문자 포함 통과 : 특수문자가 존재합니다.
[2025-05-13 16:38:21]  비밀번호 모든 검증 통과
[2025-05-13 16:38:22]  닉네임 : c3xwfz4o2osq 비밀번호 : gy99e6$5Eq* 제목 :  내용 : 
[2025-05-13 16:38:22]  닉네임 오류: 닉네임이 4자리이상 8자리이하가 아닙니다.
[2025-05-13 16:38:22]  비밀번호 자릿수 통과 : 비밀번호가 8자리 이상 12자리 이하입니다.
[2025-05-13 16:38:22]  대문자 포함 통과 : 대문자가 존재합니다.
[2025-05-13 16:38:22]  소문자 포함 통과 : 소문자가 존재합니다.
[2025-05-13 16:38:22]  숫자 포함 통과 : 숫자가 존재합니다.
[2025-05-13 16:38:22]  특수문자 포함 통과 : 특수문자가 존재합니다.
[2025-05-13 16:38:22]  비밀번호 모든 검증 통과
[2025-05-13 16:38:23]  닉네임 : 6uw3bbgti 비밀번호 : 5K=K6*jCEl 제목 :  내용 : 
[2025-05-13 16:38:23]  닉네임 오류: 닉네임이 4자리이상 8자리이하가 아닙니다.
[2025-05-13 16:38:23]  비밀번호 자릿수 통과 : 비밀번호가 8자리 이상 12자리 이하입니다.
[2025-05-13 16:38:23]  대문자 포함 통과 : 대문자가 존재합니다.
[2025-05-13 16:38:23]  소문자 포함 통과 : 소문자가 존재합니다.
[2025-05-13 16:38:23]  숫자 포함 통과 : 숫자가 존재합니다.
[2025-05-13 16:38:23]  특수문자 포함 통과 : 특수문자가 존재합니다.
[2025-05-13 16:38:23]  비밀번호 모든 검증 통과
[2025-05-13 16:38:24]  닉네임 : 8t2kvgcz9v9ujbo 비밀번호 : mh@6FaSS$BxO 제목 :  내용 : 
[2025-05-13 16:38:24]  닉네임 오류: 닉네임이 4자리이상 8자리이하가 아닙니다.
[2025-05-13 16:38:24]  비밀번호 자릿수 통과 : 비밀번호가 8자리 이상 12자리 이하입니다.
[2025-05-13 16:38:24]  대문자 포함 통과 : 대문자가 존재합니다.
[2025-05-13 16:38:24]  소문자 포함 통과 : 소문자가 존재합니다.
[2025-05-13 16:38:24]  숫자 포함 통과 : 숫자가 존재합니다.
[2025-05-13 16:38:24]  특수문자 포함 통과 : 특수문자가 존재합니다.
[2025-05-13 16:38:24]  비밀번호 모든 검증 통과
[2025-05-13 16:38:25]  닉네임 : 37usixiqf7tz1y 비밀번호 : *1cwGvUIV9 제목 :  내용 : 
[2025-05-13 16:38:25]  닉네임 오류: 닉네임이 4자리이상 8자리이하가 아닙니다.
[2025-05-13 16:38:25]  비밀번호 자릿수 통과 : 비밀번호가 8자리 이상 12자리 이하입니다.
[2025-05-13 16:38:25]  대문자 포함 통과 : 대문자가 존재합니다.
[2025-05-13 16:38:25]  소문자 포함 통과 : 소문자가 존재합니다.
[2025-05-13 16:38:25]  숫자 포함 통과 : 숫자가 존재합니다.
[2025-05-13 16:38:25]  특수문자 포함 통과 : 특수문자가 존재합니다.
[2025-05-13 16:38:25]  비밀번호 모든 검증 통과
[2025-05-13 16:38:26]  닉네임 : mjri9v6pc 비밀번호 : -#A#3sSG 제목 :  내용 : 
[2025-05-13 16:38:26]  닉네임 오류: 닉네임이 4자리이상 8자리이하가 아닙니다.
[2025-05-13 16:38:26]  비밀번호 자릿수 통과 : 비밀번호가 8자리 이상 12자리 이하입니다.
[2025-05-13 16:38:26]  대문자 포함 통과 : 대문자가 존재합니다.
[2025-05-13 16:38:26]  소문자 포함 통과 : 소문자가 존재합니다.
[2025-05-13 16:38:26]  숫자 포함 통과 : 숫자가 존재합니다.
[2025-05-13 16:38:26]  특수문자 포함 통과 : 특수문자가 존재합니다.
[2025-05-13 16:38:26]  비밀번호 모든 검증 통과
[2025-05-13 16:38:27]  닉네임 : v77hel 비밀번호 : TF 제목 :  내용 : 
[2025-05-13 16:38:28]  닉네임 통과 : 닉네임이 4자리이상 8자리 이하입니다. 
[2025-05-13 16:38:28]  비밀번호 자릿수 오류 : 비밀번호가 8자리 이상 12자리 이하가 아닙니다.
[2025-05-13 16:38:28]  대문자 포함 통과 : 대문자가 존재합니다.
[2025-05-13 16:38:28]  소문자 포함 오류 : 소문자가 존재하지 않습니다.
[2025-05-13 16:38:28]  숫자 포함 오류 : 숫자가 존재하지 않습니다.
[2025-05-13 16:38:28]  특수문자 포함 오류 : 특수문자가 존재하지 않습니다.
[2025-05-13 16:38:28]  비밀번호 검증 오류
[2025-05-13 16:38:29]  닉네임 : wesi82a 비밀번호 : PdbCt$ 제목 :  내용 : 
[2025-05-13 16:38:29]  닉네임 통과 : 닉네임이 4자리이상 8자리 이하입니다. 
[2025-05-13 16:38:29]  비밀번호 자릿수 오류 : 비밀번호가 8자리 이상 12자리 이하가 아닙니다.
[2025-05-13 16:38:29]  대문자 포함 통과 : 대문자가 존재합니다.
[2025-05-13 16:38:29]  소문자 포함 통과 : 소문자가 존재합니다.
[2025-05-13 16:38:29]  숫자 포함 오류 : 숫자가 존재하지 않습니다.
[2025-05-13 16:38:29]  특수문자 포함 통과 : 특수문자가 존재합니다.
[2025-05-13 16:38:29]  비밀번호 검증 오류
[2025-05-13 16:38:30]  닉네임 : 4pzp 비밀번호 : ^OO 제목 :  내용 : 
[2025-05-13 16:38:30]  닉네임 통과 : 닉네임이 4자리이상 8자리 이하입니다. 
[2025-05-13 16:38:30]  비밀번호 자릿수 오류 : 비밀번호가 8자리 이상 12자리 이하가 아닙니다.
[2025-05-13 16:38:30]  대문자 포함 통과 : 대문자가 존재합니다.
[2025-05-13 16:38:30]  소문자 포함 오류 : 소문자가 존재하지 않습니다.
[2025-05-13 16:38:30]  숫자 포함 오류 : 숫자가 존재하지 않습니다.
[2025-05-13 16:38:30]  특수문자 포함 통과 : 특수문자가 존재합니다.
[2025-05-13 16:38:30]  비밀번호 검증 오류
[2025-05-13 16:38:31]  닉네임 : a4sfvv8 비밀번호 : dr 제목 :  내용 : 
[2025-05-13 16:38:31]  닉네임 통과 : 닉네임이 4자리이상 8자리 이하입니다. 
[2025-05-13 16:38:31]  비밀번호 자릿수 오류 : 비밀번호가 8자리 이상 12자리 이하가 아닙니다.
[2025-05-13 16:38:31]  대문자 포함 오류 : 대문자가 존재하지 않습니다.
[2025-05-13 16:38:31]  소문자 포함 통과 : 소문자가 존재합니다.
[2025-05-13 16:38:31]  숫자 포함 오류 : 숫자가 존재하지 않습니다.
[2025-05-13 16:38:31]  특수문자 포함 오류 : 특수문자가 존재하지 않습니다.
[2025-05-13 16:38:31]  비밀번호 검증 오류
[2025-05-13 16:38:32]  닉네임 : lf1fbkwu 비밀번호 : x7$%N 제목 :  내용 : 
[2025-05-13 16:38:32]  닉네임 통과 : 닉네임이 4자리이상 8자리 이하입니다. 
[2025-05-13 16:38:32]  비밀번호 자릿수 오류 : 비밀번호가 8자리 이상 12자리 이하가 아닙니다.
[2025-05-13 16:38:32]  대문자 포함 통과 : 대문자가 존재합니다.
[2025-05-13 16:38:32]  소문자 포함 통과 : 소문자가 존재합니다.
[2025-05-13 16:38:32]  숫자 포함 통과 : 숫자가 존재합니다.
[2025-05-13 16:38:32]  특수문자 포함 통과 : 특수문자가 존재합니다.
[2025-05-13 16:38:32]  비밀번호 검증 오류
[2025-05-13 16:38:33]  닉네임 : d72p4sp 비밀번호 : t$AI%1@p9s4SYpG 제목 :  내용 : 
[2025-05-13 16:38:33]  닉네임 통과 : 닉네임이 4자리이상 8자리 이하입니다. 
[2025-05-13 16:38:33]  비밀번호 자릿수 오류 : 비밀번호가 8자리 이상 12자리 이하가 아닙니다.
[2025-05-13 16:38:33]  대문자 포함 통과 : 대문자가 존재합니다.
[2025-05-13 16:38:33]  소문자 포함 통과 : 소문자가 존재합니다.
[2025-05-13 16:38:33]  숫자 포함 통과 : 숫자가 존재합니다.
[2025-05-13 16:38:33]  특수문자 포함 통과 : 특수문자가 존재합니다.
[2025-05-13 16:38:33]  비밀번호 검증 오류
[2025-05-13 16:38:34]  닉네임 : s20v 비밀번호 : 5=XjwdpQjt3CJIomc=eb 제목 :  내용 : 
[2025-05-13 16:38:34]  닉네임 통과 : 닉네임이 4자리이상 8자리 이하입니다. 
[2025-05-13 16:38:34]  비밀번호 자릿수 오류 : 비밀번호가 8자리 이상 12자리 이하가 아닙니다.
[2025-05-13 16:38:34]  대문자 포함 통과 : 대문자가 존재합니다.
[2025-05-13 16:38:34]  소문자 포함 통과 : 소문자가 존재합니다.
[2025-05-13 16:38:34]  숫자 포함 통과 : 숫자가 존재합니다.
[2025-05-13 16:38:34]  특수문자 포함 통과 : 특수문자가 존재합니다.
[2025-05-13 16:38:34]  비밀번호 검증 오류
[2025-05-13 16:38:35]  닉네임 : zktj 비밀번호 : C!@OuIN@HNP0#VTI=$() 제목 :  내용 : 
[2025-05-13 16:38:35]  닉네임 통과 : 닉네임이 4자리이상 8자리 이하입니다. 
[2025-05-13 16:38:35]  비밀번호 자릿수 오류 : 비밀번호가 8자리 이상 12자리 이하가 아닙니다.
[2025-05-13 16:38:35]  대문자 포함 통과 : 대문자가 존재합니다.
[2025-05-13 16:38:35]  소문자 포함 통과 : 소문자가 존재합니다.
[2025-05-13 16:38:35]  숫자 포함 통과 : 숫자가 존재합니다.
[2025-05-13 16:38:35]  특수문자 포함 통과 : 특수문자가 존재합니다.
[2025-05-13 16:38:35]  비밀번호 검증 오류
[2025-05-13 16:38:36]  닉네임 : 3is2w0b5 비밀번호 : n9RM41!xmehwY2Cf-bj 제목 :  내용 : 
[2025-05-13 16:38:36]  닉네임 통과 : 닉네임이 4자리이상 8자리 이하입니다. 
[2025-05-13 16:38:36]  비밀번호 자릿수 오류 : 비밀번호가 8자리 이상 12자리 이하가 아닙니다.
[2025-05-13 16:38:36]  대문자 포함 통과 : 대문자가 존재합니다.
[2025-05-13 16:38:36]  소문자 포함 통과 : 소문자가 존재합니다.
[2025-05-13 16:38:36]  숫자 포함 통과 : 숫자가 존재합니다.
[2025-05-13 16:38:36]  특수문자 포함 통과 : 특수문자가 존재합니다.
[2025-05-13 16:38:36]  비밀번호 검증 오류
[2025-05-13 16:38:37]  닉네임 : j3k5lpn 비밀번호 : x4zH-eWQNtsOZXWIY 제목 :  내용 : 
[2025-05-13 16:38:37]  닉네임 통과 : 닉네임이 4자리이상 8자리 이하입니다. 
[2025-05-13 16:38:37]  비밀번호 자릿수 오류 : 비밀번호가 8자리 이상 12자리 이하가 아닙니다.
[2025-05-13 16:38:37]  대문자 포함 통과 : 대문자가 존재합니다.
[2025-05-13 16:38:37]  소문자 포함 통과 : 소문자가 존재합니다.
[2025-05-13 16:38:37]  숫자 포함 통과 : 숫자가 존재합니다.
[2025-05-13 16:38:37]  특수문자 포함 통과 : 특수문자가 존재합니다.
[2025-05-13 16:38:37]  비밀번호 검증 오류
[2025-05-13 16:38:38]  닉네임 : 16h8 비밀번호 : *no74!9z 제목 :  내용 : 
[2025-05-13 16:38:38]  닉네임 통과 : 닉네임이 4자리이상 8자리 이하입니다. 
[2025-05-13 16:38:38]  비밀번호 자릿수 통과 : 비밀번호가 8자리 이상 12자리 이하입니다.
[2025-05-13 16:38:38]  대문자 포함 오류 : 대문자가 존재하지 않습니다.
[2025-05-13 16:38:38]  소문자 포함 통과 : 소문자가 존재합니다.
[2025-05-13 16:38:38]  숫자 포함 통과 : 숫자가 존재합니다.
[2025-05-13 16:38:38]  특수문자 포함 통과 : 특수문자가 존재합니다.
[2025-05-13 16:38:38]  비밀번호 검증 오류
[2025-05-13 16:38:39]  닉네임 : ggtfcwb9 비밀번호 : w0ap3@4)6n 제목 :  내용 : 
[2025-05-13 16:38:39]  닉네임 통과 : 닉네임이 4자리이상 8자리 이하입니다. 
[2025-05-13 16:38:39]  비밀번호 자릿수 통과 : 비밀번호가 8자리 이상 12자리 이하입니다.
[2025-05-13 16:38:39]  대문자 포함 오류 : 대문자가 존재하지 않습니다.
[2025-05-13 16:38:39]  소문자 포함 통과 : 소문자가 존재합니다.
[2025-05-13 16:38:39]  숫자 포함 통과 : 숫자가 존재합니다.
[2025-05-13 16:38:39]  특수문자 포함 통과 : 특수문자가 존재합니다.
[2025-05-13 16:38:39]  비밀번호 검증 오류
[2025-05-13 16:38:40]  닉네임 : o2zr0em 비밀번호 : ia37o1%86+#j 제목 :  내용 : 
[2025-05-13 16:38:40]  닉네임 통과 : 닉네임이 4자리이상 8자리 이하입니다. 
[2025-05-13 16:38:40]  비밀번호 자릿수 통과 : 비밀번호가 8자리 이상 12자리 이하입니다.
[2025-05-13 16:38:40]  대문자 포함 오류 : 대문자가 존재하지 않습니다.
[2025-05-13 16:38:40]  소문자 포함 통과 : 소문자가 존재합니다.
[2025-05-13 16:38:40]  숫자 포함 통과 : 숫자가 존재합니다.
[2025-05-13 16:38:40]  특수문자 포함 통과 : 특수문자가 존재합니다.
[2025-05-13 16:38:40]  비밀번호 검증 오류
[2025-05-13 16:38:41]  닉네임 : 9ef2 비밀번호 : hb)m650hk* 제목 :  내용 : 
[2025-05-13 16:38:41]  닉네임 통과 : 닉네임이 4자리이상 8자리 이하입니다. 
[2025-05-13 16:38:41]  비밀번호 자릿수 통과 : 비밀번호가 8자리 이상 12자리 이하입니다.
[2025-05-13 16:38:41]  대문자 포함 오류 : 대문자가 존재하지 않습니다.
[2025-05-13 16:38:41]  소문자 포함 통과 : 소문자가 존재합니다.
[2025-05-13 16:38:41]  숫자 포함 통과 : 숫자가 존재합니다.
[2025-05-13 16:38:41]  특수문자 포함 통과 : 특수문자가 존재합니다.
[2025-05-13 16:38:41]  비밀번호 검증 오류
[2025-05-13 16:38:42]  닉네임 : l7063 비밀번호 : 3v%ku$oy19# 제목 :  내용 : 
[2025-05-13 16:38:42]  닉네임 통과 : 닉네임이 4자리이상 8자리 이하입니다. 
[2025-05-13 16:38:42]  비밀번호 자릿수 통과 : 비밀번호가 8자리 이상 12자리 이하입니다.
[2025-05-13 16:38:42]  대문자 포함 오류 : 대문자가 존재하지 않습니다.
[2025-05-13 16:38:42]  소문자 포함 통과 : 소문자가 존재합니다.
[2025-05-13 16:38:42]  숫자 포함 통과 : 숫자가 존재합니다.
[2025-05-13 16:38:42]  특수문자 포함 통과 : 특수문자가 존재합니다.
[2025-05-13 16:38:42]  비밀번호 검증 오류
[2025-05-13 16:38:43]  닉네임 : sai61ic 비밀번호 : $NZ*5^W8PSC4 제목 :  내용 : 
[2025-05-13 16:38:43]  닉네임 통과 : 닉네임이 4자리이상 8자리 이하입니다. 
[2025-05-13 16:38:43]  비밀번호 자릿수 통과 : 비밀번호가 8자리 이상 12자리 이하입니다.
[2025-05-13 16:38:43]  대문자 포함 통과 : 대문자가 존재합니다.
[2025-05-13 16:38:43]  소문자 포함 오류 : 소문자가 존재하지 않습니다.
[2025-05-13 16:38:43]  숫자 포함 통과 : 숫자가 존재합니다.
[2025-05-13 16:38:43]  특수문자 포함 통과 : 특수문자가 존재합니다.
[2025-05-13 16:38:43]  비밀번호 검증 오류
[2025-05-13 16:38:44]  닉네임 : ib4re 비밀번호 : L_24J$HV 제목 :  내용 : 
[2025-05-13 16:38:44]  닉네임 통과 : 닉네임이 4자리이상 8자리 이하입니다. 
[2025-05-13 16:38:44]  비밀번호 자릿수 통과 : 비밀번호가 8자리 이상 12자리 이하입니다.
[2025-05-13 16:38:44]  대문자 포함 통과 : 대문자가 존재합니다.
[2025-05-13 16:38:44]  소문자 포함 오류 : 소문자가 존재하지 않습니다.
[2025-05-13 16:38:44]  숫자 포함 통과 : 숫자가 존재합니다.
[2025-05-13 16:38:44]  특수문자 포함 통과 : 특수문자가 존재합니다.
[2025-05-13 16:38:44]  비밀번호 검증 오류
[2025-05-13 16:38:45]  닉네임 : tlgmiy 비밀번호 : D!ITC-QH0 제목 :  내용 : 
[2025-05-13 16:38:45]  닉네임 통과 : 닉네임이 4자리이상 8자리 이하입니다. 
[2025-05-13 16:38:45]  비밀번호 자릿수 통과 : 비밀번호가 8자리 이상 12자리 이하입니다.
[2025-05-13 16:38:45]  대문자 포함 통과 : 대문자가 존재합니다.
[2025-05-13 16:38:45]  소문자 포함 오류 : 소문자가 존재하지 않습니다.
[2025-05-13 16:38:45]  숫자 포함 통과 : 숫자가 존재합니다.
[2025-05-13 16:38:45]  특수문자 포함 통과 : 특수문자가 존재합니다.
[2025-05-13 16:38:45]  비밀번호 검증 오류
[2025-05-13 16:38:46]  닉네임 : fmcf 비밀번호 : 9V#KZA!K6 제목 :  내용 : 
[2025-05-13 16:38:46]  닉네임 통과 : 닉네임이 4자리이상 8자리 이하입니다. 
[2025-05-13 16:38:46]  비밀번호 자릿수 통과 : 비밀번호가 8자리 이상 12자리 이하입니다.
[2025-05-13 16:38:46]  대문자 포함 통과 : 대문자가 존재합니다.
[2025-05-13 16:38:46]  소문자 포함 오류 : 소문자가 존재하지 않습니다.
[2025-05-13 16:38:46]  숫자 포함 통과 : 숫자가 존재합니다.
[2025-05-13 16:38:46]  특수문자 포함 통과 : 특수문자가 존재합니다.
[2025-05-13 16:38:46]  비밀번호 검증 오류
[2025-05-13 16:38:47]  닉네임 : jfg5k7 비밀번호 : =E_2+1W!W8 제목 :  내용 : 
[2025-05-13 16:38:47]  닉네임 통과 : 닉네임이 4자리이상 8자리 이하입니다. 
[2025-05-13 16:38:47]  비밀번호 자릿수 통과 : 비밀번호가 8자리 이상 12자리 이하입니다.
[2025-05-13 16:38:47]  대문자 포함 통과 : 대문자가 존재합니다.
[2025-05-13 16:38:47]  소문자 포함 오류 : 소문자가 존재하지 않습니다.
[2025-05-13 16:38:47]  숫자 포함 통과 : 숫자가 존재합니다.
[2025-05-13 16:38:47]  특수문자 포함 통과 : 특수문자가 존재합니다.
[2025-05-13 16:38:47]  비밀번호 검증 오류
[2025-05-13 16:38:48]  닉네임 : shx8 비밀번호 : TcbmM%S*&IVT 제목 :  내용 : 
[2025-05-13 16:38:48]  닉네임 통과 : 닉네임이 4자리이상 8자리 이하입니다. 
[2025-05-13 16:38:48]  비밀번호 자릿수 통과 : 비밀번호가 8자리 이상 12자리 이하입니다.
[2025-05-13 16:38:48]  대문자 포함 통과 : 대문자가 존재합니다.
[2025-05-13 16:38:48]  소문자 포함 통과 : 소문자가 존재합니다.
[2025-05-13 16:38:48]  숫자 포함 오류 : 숫자가 존재하지 않습니다.
[2025-05-13 16:38:48]  특수문자 포함 통과 : 특수문자가 존재합니다.
[2025-05-13 16:38:48]  비밀번호 검증 오류
[2025-05-13 16:38:49]  닉네임 : cpbhq1 비밀번호 : Zj^&jMRq_R 제목 :  내용 : 
[2025-05-13 16:38:49]  닉네임 통과 : 닉네임이 4자리이상 8자리 이하입니다. 
[2025-05-13 16:38:49]  비밀번호 자릿수 통과 : 비밀번호가 8자리 이상 12자리 이하입니다.
[2025-05-13 16:38:49]  대문자 포함 통과 : 대문자가 존재합니다.
[2025-05-13 16:38:49]  소문자 포함 통과 : 소문자가 존재합니다.
[2025-05-13 16:38:49]  숫자 포함 오류 : 숫자가 존재하지 않습니다.
[2025-05-13 16:38:49]  특수문자 포함 통과 : 특수문자가 존재합니다.
[2025-05-13 16:38:49]  비밀번호 검증 오류
[2025-05-13 16:38:50]  닉네임 : 07ij 비밀번호 : deV(%kM_ 제목 :  내용 : 
[2025-05-13 16:38:50]  닉네임 통과 : 닉네임이 4자리이상 8자리 이하입니다. 
[2025-05-13 16:38:50]  비밀번호 자릿수 통과 : 비밀번호가 8자리 이상 12자리 이하입니다.
[2025-05-13 16:38:50]  대문자 포함 통과 : 대문자가 존재합니다.
[2025-05-13 16:38:50]  소문자 포함 통과 : 소문자가 존재합니다.
[2025-05-13 16:38:50]  숫자 포함 오류 : 숫자가 존재하지 않습니다.
[2025-05-13 16:38:50]  특수문자 포함 통과 : 특수문자가 존재합니다.
[2025-05-13 16:38:50]  비밀번호 검증 오류
[2025-05-13 16:38:51]  닉네임 : sb8pwoq 비밀번호 : EPmYh-zvwVt 제목 :  내용 : 
[2025-05-13 16:38:51]  닉네임 통과 : 닉네임이 4자리이상 8자리 이하입니다. 
[2025-05-13 16:38:51]  비밀번호 자릿수 통과 : 비밀번호가 8자리 이상 12자리 이하입니다.
[2025-05-13 16:38:51]  대문자 포함 통과 : 대문자가 존재합니다.
[2025-05-13 16:38:51]  소문자 포함 통과 : 소문자가 존재합니다.
[2025-05-13 16:38:51]  숫자 포함 오류 : 숫자가 존재하지 않습니다.
[2025-05-13 16:38:51]  특수문자 포함 통과 : 특수문자가 존재합니다.
[2025-05-13 16:38:51]  비밀번호 검증 오류
[2025-05-13 16:38:52]  닉네임 : birqgmf 비밀번호 : #@Yp^cp_o 제목 :  내용 : 
[2025-05-13 16:38:52]  닉네임 통과 : 닉네임이 4자리이상 8자리 이하입니다. 
[2025-05-13 16:38:52]  비밀번호 자릿수 통과 : 비밀번호가 8자리 이상 12자리 이하입니다.
[2025-05-13 16:38:52]  대문자 포함 통과 : 대문자가 존재합니다.
[2025-05-13 16:38:52]  소문자 포함 통과 : 소문자가 존재합니다.
[2025-05-13 16:38:52]  숫자 포함 오류 : 숫자가 존재하지 않습니다.
[2025-05-13 16:38:52]  특수문자 포함 통과 : 특수문자가 존재합니다.
[2025-05-13 16:38:52]  비밀번호 검증 오류
[2025-05-13 16:38:53]  닉네임 : jtjmu0 비밀번호 : cqHBP6dV2hpZ 제목 :  내용 : 
[2025-05-13 16:38:53]  닉네임 통과 : 닉네임이 4자리이상 8자리 이하입니다. 
[2025-05-13 16:38:53]  비밀번호 자릿수 통과 : 비밀번호가 8자리 이상 12자리 이하입니다.
[2025-05-13 16:38:53]  대문자 포함 통과 : 대문자가 존재합니다.
[2025-05-13 16:38:53]  소문자 포함 통과 : 소문자가 존재합니다.
[2025-05-13 16:38:53]  숫자 포함 통과 : 숫자가 존재합니다.
[2025-05-13 16:38:53]  특수문자 포함 오류 : 특수문자가 존재하지 않습니다.
[2025-05-13 16:38:53]  비밀번호 검증 오류
[2025-05-13 16:38:54]  닉네임 : b7s9h 비밀번호 : DW0cyFPziTeM 제목 :  내용 : 
[2025-05-13 16:38:54]  닉네임 통과 : 닉네임이 4자리이상 8자리 이하입니다. 
[2025-05-13 16:38:54]  비밀번호 자릿수 통과 : 비밀번호가 8자리 이상 12자리 이하입니다.
[2025-05-13 16:38:54]  대문자 포함 통과 : 대문자가 존재합니다.
[2025-05-13 16:38:54]  소문자 포함 통과 : 소문자가 존재합니다.
[2025-05-13 16:38:54]  숫자 포함 통과 : 숫자가 존재합니다.
[2025-05-13 16:38:54]  특수문자 포함 오류 : 특수문자가 존재하지 않습니다.
[2025-05-13 16:38:54]  비밀번호 검증 오류
[2025-05-13 16:38:55]  닉네임 : vzzxa 비밀번호 : 8H0gLUjSHoO 제목 :  내용 : 
[2025-05-13 16:38:55]  닉네임 통과 : 닉네임이 4자리이상 8자리 이하입니다. 
[2025-05-13 16:38:55]  비밀번호 자릿수 통과 : 비밀번호가 8자리 이상 12자리 이하입니다.
[2025-05-13 16:38:55]  대문자 포함 통과 : 대문자가 존재합니다.
[2025-05-13 16:38:55]  소문자 포함 통과 : 소문자가 존재합니다.
[2025-05-13 16:38:55]  숫자 포함 통과 : 숫자가 존재합니다.
[2025-05-13 16:38:55]  특수문자 포함 오류 : 특수문자가 존재하지 않습니다.
[2025-05-13 16:38:55]  비밀번호 검증 오류
[2025-05-13 16:38:56]  닉네임 : dh6h 비밀번호 : 4aio4Qew5 제목 :  내용 : 
[2025-05-13 16:38:56]  닉네임 통과 : 닉네임이 4자리이상 8자리 이하입니다. 
[2025-05-13 16:38:56]  비밀번호 자릿수 통과 : 비밀번호가 8자리 이상 12자리 이하입니다.
[2025-05-13 16:38:56]  대문자 포함 통과 : 대문자가 존재합니다.
[2025-05-13 16:38:56]  소문자 포함 통과 : 소문자가 존재합니다.
[2025-05-13 16:38:56]  숫자 포함 통과 : 숫자가 존재합니다.
[2025-05-13 16:38:56]  특수문자 포함 오류 : 특수문자가 존재하지 않습니다.
[2025-05-13 16:38:56]  비밀번호 검증 오류
[2025-05-13 16:38:56]  닉네임 : ff 비밀번호 : ff 제목 : ff 내용 : fff
[2025-05-13 16:38:56]  닉네임 오류: 닉네임이 4자리이상 8자리이하가 아닙니다.
[2025-05-13 16:38:56]  비밀번호 자릿수 오류 : 비밀번호가 8자리 이상 12자리 이하가 아닙니다.
[2025-05-13 16:38:56]  대문자 포함 오류 : 대문자가 존재하지 않습니다.
[2025-05-13 16:38:56]  소문자 포함 통과 : 소문자가 존재합니다.
[2025-05-13 16:38:56]  숫자 포함 오류 : 숫자가 존재하지 않습니다.
[2025-05-13 16:38:56]  특수문자 포함 오류 : 특수문자가 존재하지 않습니다.
[2025-05-13 16:38:56]  비밀번호 검증 오류
[2025-05-13 16:38:57]  닉네임 : bwn0 비밀번호 : Y9xsRyzOkGk 제목 :  내용 : 
[2025-05-13 16:38:57]  닉네임 통과 : 닉네임이 4자리이상 8자리 이하입니다. 
[2025-05-13 16:38:57]  비밀번호 자릿수 통과 : 비밀번호가 8자리 이상 12자리 이하입니다.
[2025-05-13 16:38:57]  대문자 포함 통과 : 대문자가 존재합니다.
[2025-05-13 16:38:57]  소문자 포함 통과 : 소문자가 존재합니다.
[2025-05-13 16:38:57]  숫자 포함 통과 : 숫자가 존재합니다.
[2025-05-13 16:38:57]  특수문자 포함 오류 : 특수문자가 존재하지 않습니다.
[2025-05-13 16:38:57]  비밀번호 검증 오류
[2025-05-13 16:38:58]  닉네임 : 3bbuia70 비밀번호 : _#$(-**=%$ 제목 :  내용 : 
[2025-05-13 16:38:58]  닉네임 통과 : 닉네임이 4자리이상 8자리 이하입니다. 
[2025-05-13 16:38:58]  비밀번호 자릿수 통과 : 비밀번호가 8자리 이상 12자리 이하입니다.
[2025-05-13 16:38:58]  대문자 포함 오류 : 대문자가 존재하지 않습니다.
[2025-05-13 16:38:58]  소문자 포함 오류 : 소문자가 존재하지 않습니다.
[2025-05-13 16:38:58]  숫자 포함 오류 : 숫자가 존재하지 않습니다.
[2025-05-13 16:38:58]  특수문자 포함 통과 : 특수문자가 존재합니다.
[2025-05-13 16:38:58]  비밀번호 검증 오류
[2025-05-13 16:38:59]  닉네임 : t4aa5 비밀번호 : !&++!=!@$^ 제목 :  내용 : 
[2025-05-13 16:38:59]  닉네임 통과 : 닉네임이 4자리이상 8자리 이하입니다. 
[2025-05-13 16:38:59]  비밀번호 자릿수 통과 : 비밀번호가 8자리 이상 12자리 이하입니다.
[2025-05-13 16:38:59]  대문자 포함 오류 : 대문자가 존재하지 않습니다.
[2025-05-13 16:38:59]  소문자 포함 오류 : 소문자가 존재하지 않습니다.
[2025-05-13 16:38:59]  숫자 포함 오류 : 숫자가 존재하지 않습니다.
[2025-05-13 16:38:59]  특수문자 포함 통과 : 특수문자가 존재합니다.
[2025-05-13 16:38:59]  비밀번호 검증 오류
[2025-05-13 16:39:00]  닉네임 : 1meh6 비밀번호 : =)#)$@(+-( 제목 :  내용 : 
[2025-05-13 16:39:00]  닉네임 통과 : 닉네임이 4자리이상 8자리 이하입니다. 
[2025-05-13 16:39:00]  비밀번호 자릿수 통과 : 비밀번호가 8자리 이상 12자리 이하입니다.
[2025-05-13 16:39:00]  대문자 포함 오류 : 대문자가 존재하지 않습니다.
[2025-05-13 16:39:00]  소문자 포함 오류 : 소문자가 존재하지 않습니다.
[2025-05-13 16:39:00]  숫자 포함 오류 : 숫자가 존재하지 않습니다.
[2025-05-13 16:39:00]  특수문자 포함 통과 : 특수문자가 존재합니다.
[2025-05-13 16:39:00]  비밀번호 검증 오류
[2025-05-13 16:39:01]  닉네임 : 5cs6525 비밀번호 : (^#(%(%+(+ 제목 :  내용 : 
[2025-05-13 16:39:01]  닉네임 통과 : 닉네임이 4자리이상 8자리 이하입니다. 
[2025-05-13 16:39:01]  비밀번호 자릿수 통과 : 비밀번호가 8자리 이상 12자리 이하입니다.
[2025-05-13 16:39:01]  대문자 포함 오류 : 대문자가 존재하지 않습니다.
[2025-05-13 16:39:01]  소문자 포함 오류 : 소문자가 존재하지 않습니다.
[2025-05-13 16:39:01]  숫자 포함 오류 : 숫자가 존재하지 않습니다.
[2025-05-13 16:39:01]  특수문자 포함 통과 : 특수문자가 존재합니다.
[2025-05-13 16:39:01]  비밀번호 검증 오류
[2025-05-13 16:39:02]  닉네임 : q59u50m 비밀번호 : $^_&@(*! 제목 :  내용 : 
[2025-05-13 16:39:03]  닉네임 통과 : 닉네임이 4자리이상 8자리 이하입니다. 
[2025-05-13 16:39:03]  비밀번호 자릿수 통과 : 비밀번호가 8자리 이상 12자리 이하입니다.
[2025-05-13 16:39:03]  대문자 포함 오류 : 대문자가 존재하지 않습니다.
[2025-05-13 16:39:03]  소문자 포함 오류 : 소문자가 존재하지 않습니다.
[2025-05-13 16:39:03]  숫자 포함 오류 : 숫자가 존재하지 않습니다.
[2025-05-13 16:39:03]  특수문자 포함 통과 : 특수문자가 존재합니다.
[2025-05-13 16:39:03]  비밀번호 검증 오류
[2025-05-13 17:26:48]  닉네임 : 12341 비밀번호 : a@asdafa 제목 :                내용 :                        
[2025-05-13 17:26:48]  닉네임 통과 : 닉네임이 4자리이상 8자리 이하입니다. 
[2025-05-13 17:26:48]  비밀번호 자릿수 통과 : 비밀번호가 8자리 이상 12자리 이하입니다.
[2025-05-13 17:26:48]  대문자 포함 오류 : 대문자가 존재하지 않습니다.
[2025-05-13 17:26:48]  소문자 포함 통과 : 소문자가 존재합니다.
[2025-05-13 17:26:48]  숫자 포함 오류 : 숫자가 존재하지 않습니다.
[2025-05-13 17:26:48]  특수문자 포함 통과 : 특수문자가 존재합니다.
[2025-05-13 17:26:48]  비밀번호 검증 오류
[2025-05-14 10:18:28]  닉네임 : fdfff 비밀번호 : fd##ffF2 제목 : ff 내용 : ff
[2025-05-14 10:18:28]  닉네임 통과 : 닉네임이 4자리이상 8자리 이하입니다. 
[2025-05-14 10:18:28]  비밀번호 자릿수 통과 : 비밀번호가 8자리 이상 12자리 이하입니다.
[2025-05-14 10:18:28]  대문자 포함 통과 : 대문자가 존재합니다.
[2025-05-14 10:18:28]  소문자 포함 통과 : 소문자가 존재합니다.
[2025-05-14 10:18:28]  숫자 포함 통과 : 숫자가 존재합니다.
[2025-05-14 10:18:28]  특수문자 포함 통과 : 특수문자가 존재합니다.
[2025-05-14 10:18:28]  비밀번호 모든 검증 통과
[2025-05-14 10:26:31]  닉네임 : ddddd 비밀번호 : dddDD##33 제목 : ff 내용 : ff
[2025-05-14 10:26:31]  닉네임 통과 : 닉네임이 4자리이상 8자리 이하입니다. 
[2025-05-14 10:26:31]  비밀번호 자릿수 통과 : 비밀번호가 8자리 이상 12자리 이하입니다.
[2025-05-14 10:26:31]  대문자 포함 통과 : 대문자가 존재합니다.
[2025-05-14 10:26:31]  소문자 포함 통과 : 소문자가 존재합니다.
[2025-05-14 10:26:31]  숫자 포함 통과 : 숫자가 존재합니다.
[2025-05-14 10:26:31]  특수문자 포함 통과 : 특수문자가 존재합니다.
[2025-05-14 10:26:31]  비밀번호 모든 검증 통과
[2025-05-14 10:29:03]  닉네임 : fffff 비밀번호 : FFff##44 제목 : ff 내용 : ff
[2025-05-14 10:29:03]  닉네임 통과 : 닉네임이 4자리이상 8자리 이하입니다. 
[2025-05-14 10:29:03]  비밀번호 자릿수 통과 : 비밀번호가 8자리 이상 12자리 이하입니다.
[2025-05-14 10:29:03]  대문자 포함 통과 : 대문자가 존재합니다.
[2025-05-14 10:29:03]  소문자 포함 통과 : 소문자가 존재합니다.
[2025-05-14 10:29:03]  숫자 포함 통과 : 숫자가 존재합니다.
[2025-05-14 10:29:03]  특수문자 포함 통과 : 특수문자가 존재합니다.
[2025-05-14 10:29:03]  비밀번호 모든 검증 통과
[2025-05-14 10:55:04]  닉네임 : ffff 비밀번호 : fffFF33$$ 제목 : ff 내용 : fff
[2025-05-14 10:55:04]  닉네임 통과 : 닉네임이 4자리이상 8자리 이하입니다. 
[2025-05-14 10:55:04]  비밀번호 자릿수 통과 : 비밀번호가 8자리 이상 12자리 이하입니다.
[2025-05-14 10:55:04]  대문자 포함 통과 : 대문자가 존재합니다.
[2025-05-14 10:55:04]  소문자 포함 통과 : 소문자가 존재합니다.
[2025-05-14 10:55:04]  숫자 포함 통과 : 숫자가 존재합니다.
[2025-05-14 10:55:04]  특수문자 포함 통과 : 특수문자가 존재합니다.
[2025-05-14 10:55:04]  비밀번호 모든 검증 통과
[2025-05-14 11:14:03]  닉네임 : dsds 비밀번호 : dss##DD3 제목 : ㅇㅇㅇ 내용 : ddd
[2025-05-14 11:14:03]  닉네임 통과 : 닉네임이 4자리이상 8자리 이하입니다. 
[2025-05-14 11:14:03]  비밀번호 자릿수 통과 : 비밀번호가 8자리 이상 12자리 이하입니다.
[2025-05-14 11:14:03]  대문자 포함 통과 : 대문자가 존재합니다.
[2025-05-14 11:14:03]  소문자 포함 통과 : 소문자가 존재합니다.
[2025-05-14 11:14:03]  숫자 포함 통과 : 숫자가 존재합니다.
[2025-05-14 11:14:03]  특수문자 포함 통과 : 특수문자가 존재합니다.
[2025-05-14 11:14:03]  비밀번호 모든 검증 통과
[2025-05-14 11:16:14]  닉네임 : dsd 비밀번호 : dss##DD3 제목 : ㅇㅇㅇ 내용 : ddd
[2025-05-14 11:17:20]  닉네임 : ff 비밀번호 : ffDD33$$ 제목 : fff 내용 : fff
[2025-05-14 11:33:49]  닉네임 : gg 비밀번호 : Fg$$ff33 제목 : g 내용 : gg
[2025-05-14 11:40:56]  닉네임 : gg 비밀번호 : Fg$$ff33 제목 : g 내용 : gg
[2025-05-14 11:40:58]  닉네임 : gg 비밀번호 : Fg$$ff33 제목 : g 내용 : gg
[2025-05-14 11:40:59]  닉네임 : gg 비밀번호 : Fg$$ff33 제목 : g 내용 : gg
[2025-05-14 11:41:13]  닉네임 : ggfff 비밀번호 : Fg$$ff33 제목 : g 내용 : gg
[2025-05-14 11:41:13]  닉네임 통과 : 닉네임이 4자리이상 8자리 이하입니다. 
[2025-05-14 11:41:13]  비밀번호 자릿수 통과 : 비밀번호가 8자리 이상 12자리 이하입니다.
[2025-05-14 11:41:13]  대문자 포함 통과 : 대문자가 존재합니다.
[2025-05-14 11:41:13]  소문자 포함 통과 : 소문자가 존재합니다.
[2025-05-14 11:41:13]  숫자 포함 통과 : 숫자가 존재합니다.
[2025-05-14 11:41:13]  특수문자 포함 통과 : 특수문자가 존재합니다.
[2025-05-14 11:41:13]  비밀번호 모든 검증 통과
[2025-05-14 13:23:37]  닉네임 : 테스트 비밀번호 : @Xptmxm12 제목 : ㅁㄴㅇㄹ 내용 : ㅁㄴㅇㄻㄴㅇㄻㄴㅇㄻㄴㅇㄻㄴㅇㄻㄴㅇㄻㄴㅇㄻㄴㅇㄻㄴㅇㅎㅁㄴㅇㅎ
ㅁㄴㅇ
ㄻㄴ
ㄻㄴㅇ
ㄻ
ㄴㅇㄹ
ㅁㄴㅇ
ㄹ

[2025-05-14 13:23:50]  닉네임 : 테스트 비밀번호 : @Xptmxm12 제목 : ㅁㄴㅇㄹ 내용 : ㅁㄴㅇㄻㄴㅇㄻㄴㅇㄻㄴㅇㄻㄴㅇㄻㄴㅇㄻㄴㅇㄻㄴㅇㄻㄴㅇㅎㅁㄴㅇㅎ
ㅁㄴㅇ
ㄻㄴ
ㄻㄴㅇ
ㄻ
ㄴㅇㄹ
ㅁㄴㅇ
ㄹ

[2025-05-14 13:23:55]  닉네임 : 테스트 비밀번호 : @Xptmxm12 제목 : ㅁㄴㅇㄹ 내용 : ㅁㄴㅇㄻㄴㅇㄻㄴㅇㄻㄴㅇㄻㄴㅇㄻㄴㅇㄻㄴㅇㄻㄴㅇㄻㄴㅇㅎㅁㄴㅇㅎ
ㅁㄴㅇ
ㄻㄴ
ㄻㄴㅇ
ㄻ
ㄴㅇㄹ
ㅁㄴㅇ
ㄹ

[2025-05-14 13:23:56]  닉네임 : 테스트 비밀번호 : @Xptmxm12 제목 : ㅁㄴㅇㄹ 내용 : ㅁㄴㅇㄻㄴㅇㄻㄴㅇㄻㄴㅇㄻㄴㅇㄻㄴㅇㄻㄴㅇㄻㄴㅇㄻㄴㅇㅎㅁㄴㅇㅎ
ㅁㄴㅇ
ㄻㄴ
ㄻㄴㅇ
ㄻ
ㄴㅇㄹ
ㅁㄴㅇ
ㄹ

[2025-05-14 13:24:30]  닉네임 : zxcvasdf 비밀번호 : @Xptmxm12 제목 : ㅁㄴㅇㄹ 내용 : ㅁㄴㅇㄻㄴㅇㄻㄴㅇㄻㄴㅇㄻㄴㅇㄻㄴㅇㄻㄴㅇㄻㄴㅇㄻㄴㅇㅎㅁㄴㅇㅎ
ㅁㄴㅇ
ㄻㄴ
ㄻㄴㅇ
ㄻ
ㄴㅇㄹ
ㅁㄴㅇ
ㄹ

[2025-05-14 13:24:30]  닉네임 통과 : 닉네임이 4자리이상 8자리 이하입니다. 
[2025-05-14 13:24:30]  비밀번호 자릿수 통과 : 비밀번호가 8자리 이상 12자리 이하입니다.
[2025-05-14 13:24:30]  대문자 포함 통과 : 대문자가 존재합니다.
[2025-05-14 13:24:30]  소문자 포함 통과 : 소문자가 존재합니다.
[2025-05-14 13:24:30]  숫자 포함 통과 : 숫자가 존재합니다.
[2025-05-14 13:24:30]  특수문자 포함 통과 : 특수문자가 존재합니다.
[2025-05-14 13:24:30]  비밀번호 모든 검증 통과
[2025-05-14 13:31:52]  닉네임 : ddd 비밀번호 : ddFF22## 제목 : dd 내용 : dd
[2025-05-14 13:31:56]  닉네임 : ddd 비밀번호 : ddFF22## 제목 : dd 내용 : dd
[2025-05-14 13:34:23]  닉네임 : ddd 비밀번호 : ddFF22## 제목 : dd 내용 : dd
[2025-05-14 13:54:26]  닉네임 : dfdf 비밀번호 : ddDD33## 제목 : dddd 내용 : dddd
[2025-05-14 13:54:26]  닉네임 통과 : 닉네임이 4자리이상 8자리 이하입니다. 
[2025-05-14 13:54:26]  비밀번호 자릿수 통과 : 비밀번호가 8자리 이상 12자리 이하입니다.
[2025-05-14 13:54:26]  대문자 포함 통과 : 대문자가 존재합니다.
[2025-05-14 13:54:26]  소문자 포함 통과 : 소문자가 존재합니다.
[2025-05-14 13:54:26]  숫자 포함 통과 : 숫자가 존재합니다.
[2025-05-14 13:54:26]  특수문자 포함 통과 : 특수문자가 존재합니다.
[2025-05-14 13:54:26]  비밀번호 모든 검증 통과
[2025-05-14 13:55:12]  닉네임 : dfdf 비밀번호 : ddDD33## 제목 : dddd 내용 : dddd
[2025-05-14 13:55:12]  닉네임 통과 : 닉네임이 4자리이상 8자리 이하입니다. 
[2025-05-14 13:55:12]  비밀번호 자릿수 통과 : 비밀번호가 8자리 이상 12자리 이하입니다.
[2025-05-14 13:55:12]  대문자 포함 통과 : 대문자가 존재합니다.
[2025-05-14 13:55:12]  소문자 포함 통과 : 소문자가 존재합니다.
[2025-05-14 13:55:12]  숫자 포함 통과 : 숫자가 존재합니다.
[2025-05-14 13:55:12]  특수문자 포함 통과 : 특수문자가 존재합니다.
[2025-05-14 13:55:12]  비밀번호 모든 검증 통과
[2025-05-14 13:56:10]  닉네임 : dfdf 비밀번호 : ddDD33## 제목 : dddd 내용 : dddd
[2025-05-14 13:56:10]  닉네임 통과 : 닉네임이 4자리이상 8자리 이하입니다. 
[2025-05-14 13:56:10]  비밀번호 자릿수 통과 : 비밀번호가 8자리 이상 12자리 이하입니다.
[2025-05-14 13:56:10]  대문자 포함 통과 : 대문자가 존재합니다.
[2025-05-14 13:56:10]  소문자 포함 통과 : 소문자가 존재합니다.
[2025-05-14 13:56:10]  숫자 포함 통과 : 숫자가 존재합니다.
[2025-05-14 13:56:10]  특수문자 포함 통과 : 특수문자가 존재합니다.
[2025-05-14 13:56:10]  비밀번호 모든 검증 통과
[2025-05-14 13:56:56]  닉네임 : dfdf 비밀번호 : ddDD33## 제목 : dddd 내용 : dddd
[2025-05-14 13:56:56]  닉네임 통과 : 닉네임이 4자리이상 8자리 이하입니다. 
[2025-05-14 13:56:56]  비밀번호 자릿수 통과 : 비밀번호가 8자리 이상 12자리 이하입니다.
[2025-05-14 13:56:56]  대문자 포함 통과 : 대문자가 존재합니다.
[2025-05-14 13:56:56]  소문자 포함 통과 : 소문자가 존재합니다.
[2025-05-14 13:56:56]  숫자 포함 통과 : 숫자가 존재합니다.
[2025-05-14 13:56:56]  특수문자 포함 통과 : 특수문자가 존재합니다.
[2025-05-14 13:56:56]  비밀번호 모든 검증 통과
[2025-05-14 13:57:57]  닉네임 : dfdf 비밀번호 : ddDD33## 제목 : dddd 내용 : dddd
[2025-05-14 13:57:57]  닉네임 통과 : 닉네임이 4자리이상 8자리 이하입니다. 
[2025-05-14 13:57:57]  비밀번호 자릿수 통과 : 비밀번호가 8자리 이상 12자리 이하입니다.
[2025-05-14 13:57:57]  대문자 포함 통과 : 대문자가 존재합니다.
[2025-05-14 13:57:57]  소문자 포함 통과 : 소문자가 존재합니다.
[2025-05-14 13:57:58]  숫자 포함 통과 : 숫자가 존재합니다.
[2025-05-14 13:57:58]  특수문자 포함 통과 : 특수문자가 존재합니다.
[2025-05-14 13:57:58]  비밀번호 모든 검증 통과
[2025-05-14 13:59:52]  닉네임 : fdff 비밀번호 : dddDD33## 제목 : ㅇㄹㅇ 내용 : ㄹㅇ
[2025-05-14 13:59:52]  닉네임 통과 : 닉네임이 4자리이상 8자리 이하입니다. 
[2025-05-14 13:59:52]  비밀번호 자릿수 통과 : 비밀번호가 8자리 이상 12자리 이하입니다.
[2025-05-14 13:59:52]  대문자 포함 통과 : 대문자가 존재합니다.
[2025-05-14 13:59:52]  소문자 포함 통과 : 소문자가 존재합니다.
[2025-05-14 13:59:52]  숫자 포함 통과 : 숫자가 존재합니다.
[2025-05-14 13:59:52]  특수문자 포함 통과 : 특수문자가 존재합니다.
[2025-05-14 13:59:52]  비밀번호 모든 검증 통과
[2025-05-14 14:01:23]  닉네임 : fdff 비밀번호 : dddDD33## 제목 : ㅇㄹㅇ 내용 : ㄹㅇ
[2025-05-14 14:01:23]  닉네임 통과 : 닉네임이 4자리이상 8자리 이하입니다. 
[2025-05-14 14:01:23]  비밀번호 자릿수 통과 : 비밀번호가 8자리 이상 12자리 이하입니다.
[2025-05-14 14:01:23]  대문자 포함 통과 : 대문자가 존재합니다.
[2025-05-14 14:01:23]  소문자 포함 통과 : 소문자가 존재합니다.
[2025-05-14 14:01:23]  숫자 포함 통과 : 숫자가 존재합니다.
[2025-05-14 14:01:23]  특수문자 포함 통과 : 특수문자가 존재합니다.
[2025-05-14 14:01:23]  비밀번호 모든 검증 통과
[2025-05-14 14:09:18]  닉네임 : fdff 비밀번호 : dddDD33## 제목 : ㅇㄹㅇ 내용 : ㄹㅇ
[2025-05-14 14:09:18]  닉네임 통과 : 닉네임이 4자리이상 8자리 이하입니다. 
[2025-05-14 14:09:18]  비밀번호 자릿수 통과 : 비밀번호가 8자리 이상 12자리 이하입니다.
[2025-05-14 14:09:18]  대문자 포함 통과 : 대문자가 존재합니다.
[2025-05-14 14:09:18]  소문자 포함 통과 : 소문자가 존재합니다.
[2025-05-14 14:09:18]  숫자 포함 통과 : 숫자가 존재합니다.
[2025-05-14 14:09:18]  특수문자 포함 통과 : 특수문자가 존재합니다.
[2025-05-14 14:09:18]  비밀번호 모든 검증 통과
[2025-05-14 14:31:06]  닉네임 : ddddDD 비밀번호 : ddDD33## 제목 : 안녕 내용 : 안녕
[2025-05-14 14:31:06]  닉네임 통과 : 닉네임이 4자리이상 8자리 이하입니다. 
[2025-05-14 14:31:06]  비밀번호 자릿수 통과 : 비밀번호가 8자리 이상 12자리 이하입니다.
[2025-05-14 14:31:06]  대문자 포함 통과 : 대문자가 존재합니다.
[2025-05-14 14:31:06]  소문자 포함 통과 : 소문자가 존재합니다.
[2025-05-14 14:31:06]  숫자 포함 통과 : 숫자가 존재합니다.
[2025-05-14 14:31:06]  특수문자 포함 통과 : 특수문자가 존재합니다.
[2025-05-14 14:31:06]  비밀번호 모든 검증 통과
[2025-05-14 14:32:19]  닉네임 : test1 비밀번호 : @xXptmxm123 제목 : ㅇㅇㅇㅇㅇㅇㅇㅇㅇㅇㅇ 내용 : ㅇㅎㅎ
[2025-05-14 14:32:19]  닉네임 통과 : 닉네임이 4자리이상 8자리 이하입니다. 
[2025-05-14 14:32:19]  비밀번호 자릿수 통과 : 비밀번호가 8자리 이상 12자리 이하입니다.
[2025-05-14 14:32:19]  대문자 포함 통과 : 대문자가 존재합니다.
[2025-05-14 14:32:19]  소문자 포함 통과 : 소문자가 존재합니다.
[2025-05-14 14:32:19]  숫자 포함 통과 : 숫자가 존재합니다.
[2025-05-14 14:32:19]  특수문자 포함 통과 : 특수문자가 존재합니다.
[2025-05-14 14:32:19]  비밀번호 모든 검증 통과
[2025-05-14 14:52:37]  닉네임 : fffff 비밀번호 : ffFF33## 제목 : fff 내용 : fff
[2025-05-14 14:52:37]  닉네임 통과 : 닉네임이 4자리이상 8자리 이하입니다. 
[2025-05-14 14:52:37]  비밀번호 자릿수 통과 : 비밀번호가 8자리 이상 12자리 이하입니다.
[2025-05-14 14:52:37]  대문자 포함 통과 : 대문자가 존재합니다.
[2025-05-14 14:52:37]  소문자 포함 통과 : 소문자가 존재합니다.
[2025-05-14 14:52:37]  숫자 포함 통과 : 숫자가 존재합니다.
[2025-05-14 14:52:37]  특수문자 포함 통과 : 특수문자가 존재합니다.
[2025-05-14 14:52:37]  비밀번호 모든 검증 통과
[2025-05-14 15:18:38]  닉네임 : ffff 비밀번호 : ffFF33##f 제목 : fffdd 내용 : fffdd
[2025-05-14 15:18:38]  닉네임 통과 : 닉네임이 4자리이상 8자리 이하입니다. 
[2025-05-14 15:18:38]  비밀번호 자릿수 통과 : 비밀번호가 8자리 이상 12자리 이하입니다.
[2025-05-14 15:18:38]  대문자 포함 통과 : 대문자가 존재합니다.
[2025-05-14 15:18:38]  소문자 포함 통과 : 소문자가 존재합니다.
[2025-05-14 15:18:38]  숫자 포함 통과 : 숫자가 존재합니다.
[2025-05-14 15:18:38]  특수문자 포함 통과 : 특수문자가 존재합니다.
[2025-05-14 15:18:38]  비밀번호 모든 검증 통과
[2025-05-14 15:21:00]  닉네임 : ffff 비밀번호 : ffFF33##f 제목 : fffdd 내용 : fffdd
[2025-05-14 15:21:00]  닉네임 통과 : 닉네임이 4자리이상 8자리 이하입니다. 
[2025-05-14 15:21:00]  비밀번호 자릿수 통과 : 비밀번호가 8자리 이상 12자리 이하입니다.
[2025-05-14 15:21:00]  대문자 포함 통과 : 대문자가 존재합니다.
[2025-05-14 15:21:00]  소문자 포함 통과 : 소문자가 존재합니다.
[2025-05-14 15:21:00]  숫자 포함 통과 : 숫자가 존재합니다.
[2025-05-14 15:21:00]  특수문자 포함 통과 : 특수문자가 존재합니다.
[2025-05-14 15:21:00]  비밀번호 모든 검증 통과
[2025-05-14 15:22:57]  닉네임 : ffff 비밀번호 : ffFF33##f 제목 : fffdd 내용 : fffdd
[2025-05-14 15:22:57]  닉네임 통과 : 닉네임이 4자리이상 8자리 이하입니다. 
[2025-05-14 15:22:57]  비밀번호 자릿수 통과 : 비밀번호가 8자리 이상 12자리 이하입니다.
[2025-05-14 15:22:57]  대문자 포함 통과 : 대문자가 존재합니다.
[2025-05-14 15:22:57]  소문자 포함 통과 : 소문자가 존재합니다.
[2025-05-14 15:22:57]  숫자 포함 통과 : 숫자가 존재합니다.
[2025-05-14 15:22:57]  특수문자 포함 통과 : 특수문자가 존재합니다.
[2025-05-14 15:22:57]  비밀번호 모든 검증 통과
[2025-05-14 15:22:59]  닉네임 : ffff 비밀번호 : ffFF33##f 제목 : fffdd 내용 : fffdd
[2025-05-14 15:22:59]  닉네임 통과 : 닉네임이 4자리이상 8자리 이하입니다. 
[2025-05-14 15:22:59]  비밀번호 자릿수 통과 : 비밀번호가 8자리 이상 12자리 이하입니다.
[2025-05-14 15:22:59]  대문자 포함 통과 : 대문자가 존재합니다.
[2025-05-14 15:22:59]  소문자 포함 통과 : 소문자가 존재합니다.
[2025-05-14 15:22:59]  숫자 포함 통과 : 숫자가 존재합니다.
[2025-05-14 15:22:59]  특수문자 포함 통과 : 특수문자가 존재합니다.
[2025-05-14 15:22:59]  비밀번호 모든 검증 통과
[2025-05-14 15:23:09]  닉네임 : fffffd 비밀번호 : ffFF33##d 제목 : fffd 내용 : fffd
[2025-05-14 15:23:09]  닉네임 통과 : 닉네임이 4자리이상 8자리 이하입니다. 
[2025-05-14 15:23:09]  비밀번호 자릿수 통과 : 비밀번호가 8자리 이상 12자리 이하입니다.
[2025-05-14 15:23:09]  대문자 포함 통과 : 대문자가 존재합니다.
[2025-05-14 15:23:09]  소문자 포함 통과 : 소문자가 존재합니다.
[2025-05-14 15:23:09]  숫자 포함 통과 : 숫자가 존재합니다.
[2025-05-14 15:23:09]  특수문자 포함 통과 : 특수문자가 존재합니다.
[2025-05-14 15:23:09]  비밀번호 모든 검증 통과
[2025-05-14 15:24:30]  닉네임 : fffffd 비밀번호 : ffFF33##d 제목 : fffd 내용 : fffd
[2025-05-14 15:24:30]  닉네임 통과 : 닉네임이 4자리이상 8자리 이하입니다. 
[2025-05-14 15:24:30]  비밀번호 자릿수 통과 : 비밀번호가 8자리 이상 12자리 이하입니다.
[2025-05-14 15:24:30]  대문자 포함 통과 : 대문자가 존재합니다.
[2025-05-14 15:24:30]  소문자 포함 통과 : 소문자가 존재합니다.
[2025-05-14 15:24:30]  숫자 포함 통과 : 숫자가 존재합니다.
[2025-05-14 15:24:30]  특수문자 포함 통과 : 특수문자가 존재합니다.
[2025-05-14 15:24:30]  비밀번호 모든 검증 통과
[2025-05-14 15:25:15]  닉네임 : fffffd 비밀번호 : ffFF33##d 제목 : fffd 내용 : fffd
[2025-05-14 15:25:15]  닉네임 통과 : 닉네임이 4자리이상 8자리 이하입니다. 
[2025-05-14 15:25:15]  비밀번호 자릿수 통과 : 비밀번호가 8자리 이상 12자리 이하입니다.
[2025-05-14 15:25:15]  대문자 포함 통과 : 대문자가 존재합니다.
[2025-05-14 15:25:15]  소문자 포함 통과 : 소문자가 존재합니다.
[2025-05-14 15:25:15]  숫자 포함 통과 : 숫자가 존재합니다.
[2025-05-14 15:25:15]  특수문자 포함 통과 : 특수문자가 존재합니다.
[2025-05-14 15:25:15]  비밀번호 모든 검증 통과
[2025-05-14 15:26:42]  닉네임 : fffffd 비밀번호 : ffFF33##d 제목 : fffd 내용 : fffd
[2025-05-14 15:26:42]  닉네임 통과 : 닉네임이 4자리이상 8자리 이하입니다. 
[2025-05-14 15:26:42]  비밀번호 자릿수 통과 : 비밀번호가 8자리 이상 12자리 이하입니다.
[2025-05-14 15:26:42]  대문자 포함 통과 : 대문자가 존재합니다.
[2025-05-14 15:26:42]  소문자 포함 통과 : 소문자가 존재합니다.
[2025-05-14 15:26:42]  숫자 포함 통과 : 숫자가 존재합니다.
[2025-05-14 15:26:42]  특수문자 포함 통과 : 특수문자가 존재합니다.
[2025-05-14 15:26:42]  비밀번호 모든 검증 통과
[2025-05-14 15:42:02]  닉네임 : Ffff 비밀번호 : dfdDDww##3 제목 : ㄹㄹ 내용 : ff
[2025-05-14 15:42:02]  닉네임 통과 : 닉네임이 4자리이상 8자리 이하입니다. 
[2025-05-14 15:42:02]  비밀번호 자릿수 통과 : 비밀번호가 8자리 이상 12자리 이하입니다.
[2025-05-14 15:42:02]  대문자 포함 통과 : 대문자가 존재합니다.
[2025-05-14 15:42:02]  소문자 포함 통과 : 소문자가 존재합니다.
[2025-05-14 15:42:02]  숫자 포함 통과 : 숫자가 존재합니다.
[2025-05-14 15:42:02]  특수문자 포함 통과 : 특수문자가 존재합니다.
[2025-05-14 15:42:02]  비밀번호 모든 검증 통과
[2025-05-14 15:42:55]  닉네임 : Ffff 비밀번호 : dfdDDww##3 제목 : ㄹㄹ 내용 : ff
[2025-05-14 15:42:55]  닉네임 통과 : 닉네임이 4자리이상 8자리 이하입니다. 
[2025-05-14 15:42:55]  비밀번호 자릿수 통과 : 비밀번호가 8자리 이상 12자리 이하입니다.
[2025-05-14 15:42:55]  대문자 포함 통과 : 대문자가 존재합니다.
[2025-05-14 15:42:55]  소문자 포함 통과 : 소문자가 존재합니다.
[2025-05-14 15:42:55]  숫자 포함 통과 : 숫자가 존재합니다.
[2025-05-14 15:42:55]  특수문자 포함 통과 : 특수문자가 존재합니다.
[2025-05-14 15:42:55]  비밀번호 모든 검증 통과
[2025-05-14 16:45:53]  닉네임 : edit 비밀번호 : editTest@@22 제목 : 수정테스트 내용 : 수정테스트
[2025-05-14 16:45:53]  닉네임 통과 : 닉네임이 4자리이상 8자리 이하입니다. 
[2025-05-14 16:45:53]  비밀번호 자릿수 통과 : 비밀번호가 8자리 이상 12자리 이하입니다.
[2025-05-14 16:45:53]  대문자 포함 통과 : 대문자가 존재합니다.
[2025-05-14 16:45:53]  소문자 포함 통과 : 소문자가 존재합니다.
[2025-05-14 16:45:53]  숫자 포함 통과 : 숫자가 존재합니다.
[2025-05-14 16:45:53]  특수문자 포함 통과 : 특수문자가 존재합니다.
[2025-05-14 16:45:53]  비밀번호 모든 검증 통과
[2025-05-14 16:46:30]  닉네임 : editd 비밀번호 : editTest@@22 제목 : 수정테스트dd 내용 : 수정테스트dd
[2025-05-14 16:46:30]  닉네임 통과 : 닉네임이 4자리이상 8자리 이하입니다. 
[2025-05-14 16:46:30]  비밀번호 자릿수 통과 : 비밀번호가 8자리 이상 12자리 이하입니다.
[2025-05-14 16:46:30]  대문자 포함 통과 : 대문자가 존재합니다.
[2025-05-14 16:46:30]  소문자 포함 통과 : 소문자가 존재합니다.
[2025-05-14 16:46:30]  숫자 포함 통과 : 숫자가 존재합니다.
[2025-05-14 16:46:30]  특수문자 포함 통과 : 특수문자가 존재합니다.
[2025-05-14 16:46:30]  비밀번호 모든 검증 통과
[2025-05-14 16:50:15]  닉네임 : test1 비밀번호 : ddDD33## 제목 : test1 내용 : test1
[2025-05-14 16:50:15]  닉네임 통과 : 닉네임이 4자리이상 8자리 이하입니다. 
[2025-05-14 16:50:15]  비밀번호 자릿수 통과 : 비밀번호가 8자리 이상 12자리 이하입니다.
[2025-05-14 16:50:15]  대문자 포함 통과 : 대문자가 존재합니다.
[2025-05-14 16:50:15]  소문자 포함 통과 : 소문자가 존재합니다.
[2025-05-14 16:50:15]  숫자 포함 통과 : 숫자가 존재합니다.
[2025-05-14 16:50:15]  특수문자 포함 통과 : 특수문자가 존재합니다.
[2025-05-14 16:50:15]  비밀번호 모든 검증 통과
[2025-05-14 16:50:39]  닉네임 : test1ff 비밀번호 : ddDD33##f 제목 : test1ff 내용 : test1ff
[2025-05-14 16:50:39]  닉네임 통과 : 닉네임이 4자리이상 8자리 이하입니다. 
[2025-05-14 16:50:39]  비밀번호 자릿수 통과 : 비밀번호가 8자리 이상 12자리 이하입니다.
[2025-05-14 16:50:39]  대문자 포함 통과 : 대문자가 존재합니다.
[2025-05-14 16:50:39]  소문자 포함 통과 : 소문자가 존재합니다.
[2025-05-14 16:50:39]  숫자 포함 통과 : 숫자가 존재합니다.
[2025-05-14 16:50:39]  특수문자 포함 통과 : 특수문자가 존재합니다.
[2025-05-14 16:50:39]  비밀번호 모든 검증 통과
[2025-05-14 16:53:24]  닉네임 : hhhhhhh 비밀번호 : hhh$$33ff3F 제목 : hhh 내용 : hhh
[2025-05-14 16:53:24]  닉네임 통과 : 닉네임이 4자리이상 8자리 이하입니다. 
[2025-05-14 16:53:24]  비밀번호 자릿수 통과 : 비밀번호가 8자리 이상 12자리 이하입니다.
[2025-05-14 16:53:24]  대문자 포함 통과 : 대문자가 존재합니다.
[2025-05-14 16:53:24]  소문자 포함 통과 : 소문자가 존재합니다.
[2025-05-14 16:53:24]  숫자 포함 통과 : 숫자가 존재합니다.
[2025-05-14 16:53:24]  특수문자 포함 통과 : 특수문자가 존재합니다.
[2025-05-14 16:53:24]  비밀번호 모든 검증 통과
[2025-05-14 16:53:42]  닉네임 : hhhhhhhd 비밀번호 : hhh$$33ff3Fd 제목 : hhhd 내용 : hhhd
[2025-05-14 16:53:42]  닉네임 통과 : 닉네임이 4자리이상 8자리 이하입니다. 
[2025-05-14 16:53:42]  비밀번호 자릿수 통과 : 비밀번호가 8자리 이상 12자리 이하입니다.
[2025-05-14 16:53:42]  대문자 포함 통과 : 대문자가 존재합니다.
[2025-05-14 16:53:42]  소문자 포함 통과 : 소문자가 존재합니다.
[2025-05-14 16:53:42]  숫자 포함 통과 : 숫자가 존재합니다.
[2025-05-14 16:53:42]  특수문자 포함 통과 : 특수문자가 존재합니다.
[2025-05-14 16:53:42]  비밀번호 모든 검증 통과
[2025-05-14 17:15:11]  닉네임 : sdfsf 비밀번호 : fdfd##dd@3F 제목 : ㅇㄹㅇㄹ 내용 : dfdfdfd
[2025-05-14 17:15:11]  닉네임 통과 : 닉네임이 4자리이상 8자리 이하입니다. 
[2025-05-14 17:15:11]  비밀번호 자릿수 통과 : 비밀번호가 8자리 이상 12자리 이하입니다.
[2025-05-14 17:15:11]  대문자 포함 통과 : 대문자가 존재합니다.
[2025-05-14 17:15:11]  소문자 포함 통과 : 소문자가 존재합니다.
[2025-05-14 17:15:11]  숫자 포함 통과 : 숫자가 존재합니다.
[2025-05-14 17:15:11]  특수문자 포함 통과 : 특수문자가 존재합니다.
[2025-05-14 17:15:11]  비밀번호 모든 검증 통과
[2025-05-14 17:15:27]  닉네임 : sdfsf 비밀번호 : fdfd##dd@3F 제목 : ㅇㄹㅇㄹ 내용 : dfdfdfd
[2025-05-14 17:15:27]  닉네임 통과 : 닉네임이 4자리이상 8자리 이하입니다. 
[2025-05-14 17:15:27]  비밀번호 자릿수 통과 : 비밀번호가 8자리 이상 12자리 이하입니다.
[2025-05-14 17:15:27]  대문자 포함 통과 : 대문자가 존재합니다.
[2025-05-14 17:15:27]  소문자 포함 통과 : 소문자가 존재합니다.
[2025-05-14 17:15:27]  숫자 포함 통과 : 숫자가 존재합니다.
[2025-05-14 17:15:27]  특수문자 포함 통과 : 특수문자가 존재합니다.
[2025-05-14 17:15:27]  비밀번호 모든 검증 통과
[2025-05-14 17:48:38]  닉네임 : 333fff 비밀번호 : ffFF33## 제목 : fffff 내용 : ffff
[2025-05-14 17:48:38]  닉네임 통과 : 닉네임이 4자리이상 8자리 이하입니다. 
[2025-05-14 17:48:38]  비밀번호 자릿수 통과 : 비밀번호가 8자리 이상 12자리 이하입니다.
[2025-05-14 17:48:38]  대문자 포함 통과 : 대문자가 존재합니다.
[2025-05-14 17:48:38]  소문자 포함 통과 : 소문자가 존재합니다.
[2025-05-14 17:48:38]  숫자 포함 통과 : 숫자가 존재합니다.
[2025-05-14 17:48:38]  특수문자 포함 통과 : 특수문자가 존재합니다.
[2025-05-14 17:48:38]  비밀번호 모든 검증 통과
[2025-05-14 17:49:11]  닉네임 : 333fff 비밀번호 : ffFF33## 제목 : fffff 내용 : ffff
[2025-05-14 17:49:11]  닉네임 통과 : 닉네임이 4자리이상 8자리 이하입니다. 
[2025-05-14 17:49:11]  비밀번호 자릿수 통과 : 비밀번호가 8자리 이상 12자리 이하입니다.
[2025-05-14 17:49:11]  대문자 포함 통과 : 대문자가 존재합니다.
[2025-05-14 17:49:11]  소문자 포함 통과 : 소문자가 존재합니다.
[2025-05-14 17:49:11]  숫자 포함 통과 : 숫자가 존재합니다.
[2025-05-14 17:49:11]  특수문자 포함 통과 : 특수문자가 존재합니다.
[2025-05-14 17:49:11]  비밀번호 모든 검증 통과
[2025-05-14 17:49:53]  닉네임 : asdf 비밀번호 : @Xptmxm12 제목 : ㅇㅇㅇㅇㅇㅇㅇㅇㅇㅇㅇ 내용 : ㄴㄷㅎㅁㄴㅇㅎㄴㅇㅎ
[2025-05-14 17:49:53]  닉네임 통과 : 닉네임이 4자리이상 8자리 이하입니다. 
[2025-05-14 17:49:53]  비밀번호 자릿수 통과 : 비밀번호가 8자리 이상 12자리 이하입니다.
[2025-05-14 17:49:53]  대문자 포함 통과 : 대문자가 존재합니다.
[2025-05-14 17:49:53]  소문자 포함 통과 : 소문자가 존재합니다.
[2025-05-14 17:49:53]  숫자 포함 통과 : 숫자가 존재합니다.
[2025-05-14 17:49:53]  특수문자 포함 통과 : 특수문자가 존재합니다.
[2025-05-14 17:49:53]  비밀번호 모든 검증 통과
